2024-09-26T13:05:45.251-04:00  INFO 88183 --- [restartedMain] c.w.app.GeniuneCoderSecurityApplication  : Starting GeniuneCoderSecurityApplication using Java 17.0.12 with PID 88183 (/Users/nicoleanderson/Desktop/STS_WORKSPACE_DARK/GeniuneCoder/GeniuneCoderSecurity-main 2/target/classes started by nicoleanderson in /Users/nicoleanderson/Desktop/STS_WORKSPACE_DARK/GeniuneCoder)
2024-09-26T13:05:45.320-04:00  INFO 88183 --- [restartedMain] c.w.app.GeniuneCoderSecurityApplication  : No active profile set, falling back to 1 default profile: "default"
2024-09-26T13:05:45.487-04:00  INFO 88183 --- [restartedMain] .e.DevToolsPropertyDefaultsPostProcessor : Devtools property defaults active! Set 'spring.devtools.add-properties' to 'false' to disable
2024-09-26T13:05:45.487-04:00  INFO 88183 --- [restartedMain] .e.DevToolsPropertyDefaultsPostProcessor : For additional web related logging consider setting the 'logging.level.web' property to 'DEBUG'
2024-09-26T13:05:47.050-04:00  INFO 88183 --- [restartedMain] .s.d.r.c.RepositoryConfigurationDelegate : Bootstrapping Spring Data JPA repositories in DEFAULT mode.
2024-09-26T13:05:47.167-04:00  INFO 88183 --- [restartedMain] .s.d.r.c.RepositoryConfigurationDelegate : Finished Spring Data repository scanning in 109 ms. Found 1 JPA repository interface.
2024-09-26T13:05:48.661-04:00  INFO 88183 --- [restartedMain] o.s.b.w.embedded.tomcat.TomcatWebServer  : Tomcat initialized with port 8080 (http)
2024-09-26T13:05:48.687-04:00  INFO 88183 --- [restartedMain] o.apache.catalina.core.StandardService   : Starting service [Tomcat]
2024-09-26T13:05:48.687-04:00  INFO 88183 --- [restartedMain] o.apache.catalina.core.StandardEngine    : Starting Servlet engine: [Apache Tomcat/10.1.25]
2024-09-26T13:05:48.800-04:00  INFO 88183 --- [restartedMain] o.a.c.c.C.[Tomcat].[localhost].[/]       : Initializing Spring embedded WebApplicationContext
2024-09-26T13:05:48.800-04:00  INFO 88183 --- [restartedMain] w.s.c.ServletWebServerApplicationContext : Root WebApplicationContext: initialization completed in 3310 ms
2024-09-26T13:05:49.110-04:00  INFO 88183 --- [restartedMain] o.hibernate.jpa.internal.util.LogHelper  : HHH000204: Processing PersistenceUnitInfo [name: default]
2024-09-26T13:05:49.163-04:00  INFO 88183 --- [restartedMain] org.hibernate.Version                    : HHH000412: Hibernate ORM core version 6.5.2.Final
2024-09-26T13:05:49.188-04:00  INFO 88183 --- [restartedMain] o.h.c.internal.RegionFactoryInitiator    : HHH000026: Second-level cache disabled
2024-09-26T13:05:49.458-04:00  INFO 88183 --- [restartedMain] o.s.o.j.p.SpringPersistenceUnitInfo      : No LoadTimeWeaver setup: ignoring JPA class transformer
2024-09-26T13:05:49.483-04:00  INFO 88183 --- [restartedMain] com.zaxxer.hikari.HikariDataSource       : HikariPool-1 - Starting...
2024-09-26T13:05:49.913-04:00  INFO 88183 --- [restartedMain] com.zaxxer.hikari.pool.HikariPool        : HikariPool-1 - Added connection com.mysql.cj.jdbc.ConnectionImpl@5ada52de
2024-09-26T13:05:49.917-04:00  INFO 88183 --- [restartedMain] com.zaxxer.hikari.HikariDataSource       : HikariPool-1 - Start completed.
2024-09-26T13:05:51.003-04:00  INFO 88183 --- [restartedMain] o.h.e.t.j.p.i.JtaPlatformInitiator       : HHH000489: No JTA platform available (set 'hibernate.transaction.jta.platform' to enable JTA platform integration)
2024-09-26T13:05:51.078-04:00  INFO 88183 --- [restartedMain] j.LocalContainerEntityManagerFactoryBean : Initialized JPA EntityManagerFactory for persistence unit 'default'
2024-09-26T13:05:51.761-04:00  WARN 88183 --- [restartedMain] JpaBaseConfiguration$JpaWebConfiguration : spring.jpa.open-in-view is enabled by default. Therefore, database queries may be performed during view rendering. Explicitly configure spring.jpa.open-in-view to disable this warning
2024-09-26T13:05:51.884-04:00  INFO 88183 --- [restartedMain] eAuthenticationProviderManagerConfigurer : Global AuthenticationManager configured with AuthenticationProvider bean with name authenticationProvider
2024-09-26T13:05:51.886-04:00  WARN 88183 --- [restartedMain] r$InitializeUserDetailsManagerConfigurer : Global AuthenticationManager configured with an AuthenticationProvider bean. UserDetailsService beans will not be used for username/password login. Consider removing the AuthenticationProvider bean. Alternatively, consider using the UserDetailsService in a manually instantiated DaoAuthenticationProvider.
2024-09-26T13:05:52.871-04:00  INFO 88183 --- [restartedMain] o.s.b.d.a.OptionalLiveReloadServer       : LiveReload server is running on port 35729
2024-09-26T13:05:52.932-04:00  INFO 88183 --- [restartedMain] o.s.b.w.embedded.tomcat.TomcatWebServer  : Tomcat started on port 8080 (http) with context path '/'
2024-09-26T13:05:52.953-04:00  INFO 88183 --- [restartedMain] c.w.app.GeniuneCoderSecurityApplication  : Started GeniuneCoderSecurityApplication in 8.576 seconds (process running for 9.942)
2024-09-26T13:06:17.244-04:00  INFO 88183 --- [http-nio-8080-exec-1] o.a.c.c.C.[Tomcat].[localhost].[/]       : Initializing Spring DispatcherServlet 'dispatcherServlet'
2024-09-26T13:06:17.250-04:00  INFO 88183 --- [http-nio-8080-exec-1] o.s.web.servlet.DispatcherServlet        : Initializing Servlet 'dispatcherServlet'
2024-09-26T13:06:17.267-04:00  INFO 88183 --- [http-nio-8080-exec-1] o.s.web.servlet.DispatcherServlet        : Completed initialization in 17 ms
2024-09-26T13:10:47.422-04:00  INFO 90328 --- [restartedMain] c.w.app.GeniuneCoderSecurityApplication  : Starting GeniuneCoderSecurityApplication using Java 17.0.12 with PID 90328 (/Users/nicoleanderson/Desktop/STS_WORKSPACE_DARK/GeniuneCoder/GeniuneCoderSecurity-main 2/target/classes started by nicoleanderson in /Users/nicoleanderson/Desktop/STS_WORKSPACE_DARK/GeniuneCoder)
2024-09-26T13:10:47.437-04:00  INFO 90328 --- [restartedMain] c.w.app.GeniuneCoderSecurityApplication  : No active profile set, falling back to 1 default profile: "default"
2024-09-26T13:10:47.578-04:00  INFO 90328 --- [restartedMain] .e.DevToolsPropertyDefaultsPostProcessor : Devtools property defaults active! Set 'spring.devtools.add-properties' to 'false' to disable
2024-09-26T13:10:47.578-04:00  INFO 90328 --- [restartedMain] .e.DevToolsPropertyDefaultsPostProcessor : For additional web related logging consider setting the 'logging.level.web' property to 'DEBUG'
2024-09-26T13:10:48.979-04:00  INFO 90328 --- [restartedMain] .s.d.r.c.RepositoryConfigurationDelegate : Bootstrapping Spring Data JPA repositories in DEFAULT mode.
2024-09-26T13:10:49.064-04:00  INFO 90328 --- [restartedMain] .s.d.r.c.RepositoryConfigurationDelegate : Finished Spring Data repository scanning in 79 ms. Found 1 JPA repository interface.
2024-09-26T13:10:50.215-04:00  INFO 90328 --- [restartedMain] o.s.b.w.embedded.tomcat.TomcatWebServer  : Tomcat initialized with port 8080 (http)
2024-09-26T13:10:50.227-04:00  INFO 90328 --- [restartedMain] o.apache.catalina.core.StandardService   : Starting service [Tomcat]
2024-09-26T13:10:50.227-04:00  INFO 90328 --- [restartedMain] o.apache.catalina.core.StandardEngine    : Starting Servlet engine: [Apache Tomcat/10.1.25]
2024-09-26T13:10:50.298-04:00  INFO 90328 --- [restartedMain] o.a.c.c.C.[Tomcat].[localhost].[/]       : Initializing Spring embedded WebApplicationContext
2024-09-26T13:10:50.299-04:00  INFO 90328 --- [restartedMain] w.s.c.ServletWebServerApplicationContext : Root WebApplicationContext: initialization completed in 2720 ms
2024-09-26T13:10:50.585-04:00  INFO 90328 --- [restartedMain] o.hibernate.jpa.internal.util.LogHelper  : HHH000204: Processing PersistenceUnitInfo [name: default]
2024-09-26T13:10:50.633-04:00  INFO 90328 --- [restartedMain] org.hibernate.Version                    : HHH000412: Hibernate ORM core version 6.5.2.Final
2024-09-26T13:10:50.657-04:00  INFO 90328 --- [restartedMain] o.h.c.internal.RegionFactoryInitiator    : HHH000026: Second-level cache disabled
2024-09-26T13:10:50.924-04:00  INFO 90328 --- [restartedMain] o.s.o.j.p.SpringPersistenceUnitInfo      : No LoadTimeWeaver setup: ignoring JPA class transformer
2024-09-26T13:10:50.965-04:00  INFO 90328 --- [restartedMain] com.zaxxer.hikari.HikariDataSource       : HikariPool-1 - Starting...
2024-09-26T13:10:51.409-04:00  INFO 90328 --- [restartedMain] com.zaxxer.hikari.pool.HikariPool        : HikariPool-1 - Added connection com.mysql.cj.jdbc.ConnectionImpl@1a7079b8
2024-09-26T13:10:51.413-04:00  INFO 90328 --- [restartedMain] com.zaxxer.hikari.HikariDataSource       : HikariPool-1 - Start completed.
2024-09-26T13:10:52.685-04:00  INFO 90328 --- [restartedMain] o.h.e.t.j.p.i.JtaPlatformInitiator       : HHH000489: No JTA platform available (set 'hibernate.transaction.jta.platform' to enable JTA platform integration)
2024-09-26T13:10:52.809-04:00  INFO 90328 --- [restartedMain] j.LocalContainerEntityManagerFactoryBean : Initialized JPA EntityManagerFactory for persistence unit 'default'
2024-09-26T13:10:53.708-04:00  WARN 90328 --- [restartedMain] JpaBaseConfiguration$JpaWebConfiguration : spring.jpa.open-in-view is enabled by default. Therefore, database queries may be performed during view rendering. Explicitly configure spring.jpa.open-in-view to disable this warning
2024-09-26T13:10:53.752-04:00  INFO 90328 --- [restartedMain] eAuthenticationProviderManagerConfigurer : Global AuthenticationManager configured with AuthenticationProvider bean with name authenticationProvider
2024-09-26T13:10:53.753-04:00  WARN 90328 --- [restartedMain] r$InitializeUserDetailsManagerConfigurer : Global AuthenticationManager configured with an AuthenticationProvider bean. UserDetailsService beans will not be used for username/password login. Consider removing the AuthenticationProvider bean. Alternatively, consider using the UserDetailsService in a manually instantiated DaoAuthenticationProvider.
2024-09-26T13:10:54.704-04:00  INFO 90328 --- [restartedMain] o.s.b.d.a.OptionalLiveReloadServer       : LiveReload server is running on port 35729
2024-09-26T13:10:54.757-04:00  INFO 90328 --- [restartedMain] o.s.b.w.embedded.tomcat.TomcatWebServer  : Tomcat started on port 8080 (http) with context path '/'
2024-09-26T13:10:54.778-04:00  INFO 90328 --- [restartedMain] c.w.app.GeniuneCoderSecurityApplication  : Started GeniuneCoderSecurityApplication in 8.228 seconds (process running for 9.185)
2024-09-26T13:10:56.448-04:00  INFO 90328 --- [http-nio-8080-exec-1] o.a.c.c.C.[Tomcat].[localhost].[/]       : Initializing Spring DispatcherServlet 'dispatcherServlet'
2024-09-26T13:10:56.449-04:00  INFO 90328 --- [http-nio-8080-exec-1] o.s.web.servlet.DispatcherServlet        : Initializing Servlet 'dispatcherServlet'
2024-09-26T13:10:56.457-04:00  INFO 90328 --- [http-nio-8080-exec-1] o.s.web.servlet.DispatcherServlet        : Completed initialization in 8 ms
2024-09-26T13:12:11.596-04:00  INFO 90976 --- [restartedMain] c.w.app.GeniuneCoderSecurityApplication  : Starting GeniuneCoderSecurityApplication using Java 17.0.12 with PID 90976 (/Users/nicoleanderson/Desktop/STS_WORKSPACE_DARK/GeniuneCoder/GeniuneCoderSecurity-main 2/target/classes started by nicoleanderson in /Users/nicoleanderson/Desktop/STS_WORKSPACE_DARK/GeniuneCoder)
2024-09-26T13:12:11.606-04:00  INFO 90976 --- [restartedMain] c.w.app.GeniuneCoderSecurityApplication  : No active profile set, falling back to 1 default profile: "default"
2024-09-26T13:12:11.720-04:00  INFO 90976 --- [restartedMain] .e.DevToolsPropertyDefaultsPostProcessor : Devtools property defaults active! Set 'spring.devtools.add-properties' to 'false' to disable
2024-09-26T13:12:11.720-04:00  INFO 90976 --- [restartedMain] .e.DevToolsPropertyDefaultsPostProcessor : For additional web related logging consider setting the 'logging.level.web' property to 'DEBUG'
2024-09-26T13:12:13.007-04:00  INFO 90976 --- [restartedMain] .s.d.r.c.RepositoryConfigurationDelegate : Bootstrapping Spring Data JPA repositories in DEFAULT mode.
2024-09-26T13:12:13.101-04:00  INFO 90976 --- [restartedMain] .s.d.r.c.RepositoryConfigurationDelegate : Finished Spring Data repository scanning in 86 ms. Found 1 JPA repository interface.
2024-09-26T13:12:14.246-04:00  INFO 90976 --- [restartedMain] o.s.b.w.embedded.tomcat.TomcatWebServer  : Tomcat initialized with port 8080 (http)
2024-09-26T13:12:14.259-04:00  INFO 90976 --- [restartedMain] o.apache.catalina.core.StandardService   : Starting service [Tomcat]
2024-09-26T13:12:14.259-04:00  INFO 90976 --- [restartedMain] o.apache.catalina.core.StandardEngine    : Starting Servlet engine: [Apache Tomcat/10.1.25]
2024-09-26T13:12:14.324-04:00  INFO 90976 --- [restartedMain] o.a.c.c.C.[Tomcat].[localhost].[/]       : Initializing Spring embedded WebApplicationContext
2024-09-26T13:12:14.325-04:00  INFO 90976 --- [restartedMain] w.s.c.ServletWebServerApplicationContext : Root WebApplicationContext: initialization completed in 2604 ms
2024-09-26T13:12:14.596-04:00  INFO 90976 --- [restartedMain] o.hibernate.jpa.internal.util.LogHelper  : HHH000204: Processing PersistenceUnitInfo [name: default]
2024-09-26T13:12:14.641-04:00  INFO 90976 --- [restartedMain] org.hibernate.Version                    : HHH000412: Hibernate ORM core version 6.5.2.Final
2024-09-26T13:12:14.664-04:00  INFO 90976 --- [restartedMain] o.h.c.internal.RegionFactoryInitiator    : HHH000026: Second-level cache disabled
2024-09-26T13:12:14.944-04:00  INFO 90976 --- [restartedMain] o.s.o.j.p.SpringPersistenceUnitInfo      : No LoadTimeWeaver setup: ignoring JPA class transformer
2024-09-26T13:12:14.975-04:00  INFO 90976 --- [restartedMain] com.zaxxer.hikari.HikariDataSource       : HikariPool-1 - Starting...
2024-09-26T13:12:15.468-04:00  INFO 90976 --- [restartedMain] com.zaxxer.hikari.pool.HikariPool        : HikariPool-1 - Added connection com.mysql.cj.jdbc.ConnectionImpl@73518127
2024-09-26T13:12:15.484-04:00  INFO 90976 --- [restartedMain] com.zaxxer.hikari.HikariDataSource       : HikariPool-1 - Start completed.
2024-09-26T13:12:16.545-04:00  INFO 90976 --- [restartedMain] o.h.e.t.j.p.i.JtaPlatformInitiator       : HHH000489: No JTA platform available (set 'hibernate.transaction.jta.platform' to enable JTA platform integration)
2024-09-26T13:12:16.617-04:00  INFO 90976 --- [restartedMain] j.LocalContainerEntityManagerFactoryBean : Initialized JPA EntityManagerFactory for persistence unit 'default'
2024-09-26T13:12:17.373-04:00  WARN 90976 --- [restartedMain] JpaBaseConfiguration$JpaWebConfiguration : spring.jpa.open-in-view is enabled by default. Therefore, database queries may be performed during view rendering. Explicitly configure spring.jpa.open-in-view to disable this warning
2024-09-26T13:12:17.422-04:00  INFO 90976 --- [restartedMain] eAuthenticationProviderManagerConfigurer : Global AuthenticationManager configured with AuthenticationProvider bean with name authenticationProvider
2024-09-26T13:12:17.424-04:00  WARN 90976 --- [restartedMain] r$InitializeUserDetailsManagerConfigurer : Global AuthenticationManager configured with an AuthenticationProvider bean. UserDetailsService beans will not be used for username/password login. Consider removing the AuthenticationProvider bean. Alternatively, consider using the UserDetailsService in a manually instantiated DaoAuthenticationProvider.
2024-09-26T13:12:18.384-04:00  INFO 90976 --- [restartedMain] o.s.b.d.a.OptionalLiveReloadServer       : LiveReload server is running on port 35729
2024-09-26T13:12:18.436-04:00  INFO 90976 --- [restartedMain] o.s.b.w.embedded.tomcat.TomcatWebServer  : Tomcat started on port 8080 (http) with context path '/'
2024-09-26T13:12:18.462-04:00  INFO 90976 --- [restartedMain] c.w.app.GeniuneCoderSecurityApplication  : Started GeniuneCoderSecurityApplication in 7.624 seconds (process running for 8.577)
2024-09-26T13:12:53.323-04:00  INFO 91303 --- [restartedMain] c.w.app.GeniuneCoderSecurityApplication  : Starting GeniuneCoderSecurityApplication using Java 17.0.12 with PID 91303 (/Users/nicoleanderson/Desktop/STS_WORKSPACE_DARK/GeniuneCoder/GeniuneCoderSecurity-main 2/target/classes started by nicoleanderson in /Users/nicoleanderson/Desktop/STS_WORKSPACE_DARK/GeniuneCoder)
2024-09-26T13:12:53.444-04:00  INFO 91303 --- [restartedMain] c.w.app.GeniuneCoderSecurityApplication  : No active profile set, falling back to 1 default profile: "default"
2024-09-26T13:12:53.701-04:00  INFO 91303 --- [restartedMain] .e.DevToolsPropertyDefaultsPostProcessor : Devtools property defaults active! Set 'spring.devtools.add-properties' to 'false' to disable
2024-09-26T13:12:53.703-04:00  INFO 91303 --- [restartedMain] .e.DevToolsPropertyDefaultsPostProcessor : For additional web related logging consider setting the 'logging.level.web' property to 'DEBUG'
2024-09-26T13:12:55.239-04:00  INFO 91303 --- [restartedMain] .s.d.r.c.RepositoryConfigurationDelegate : Bootstrapping Spring Data JPA repositories in DEFAULT mode.
2024-09-26T13:12:55.333-04:00  INFO 91303 --- [restartedMain] .s.d.r.c.RepositoryConfigurationDelegate : Finished Spring Data repository scanning in 88 ms. Found 1 JPA repository interface.
2024-09-26T13:12:56.494-04:00  INFO 91303 --- [restartedMain] o.s.b.w.embedded.tomcat.TomcatWebServer  : Tomcat initialized with port 8080 (http)
2024-09-26T13:12:56.506-04:00  INFO 91303 --- [restartedMain] o.apache.catalina.core.StandardService   : Starting service [Tomcat]
2024-09-26T13:12:56.507-04:00  INFO 91303 --- [restartedMain] o.apache.catalina.core.StandardEngine    : Starting Servlet engine: [Apache Tomcat/10.1.25]
2024-09-26T13:12:56.591-04:00  INFO 91303 --- [restartedMain] o.a.c.c.C.[Tomcat].[localhost].[/]       : Initializing Spring embedded WebApplicationContext
2024-09-26T13:12:56.592-04:00  INFO 91303 --- [restartedMain] w.s.c.ServletWebServerApplicationContext : Root WebApplicationContext: initialization completed in 2887 ms
2024-09-26T13:12:56.879-04:00  INFO 91303 --- [restartedMain] o.hibernate.jpa.internal.util.LogHelper  : HHH000204: Processing PersistenceUnitInfo [name: default]
2024-09-26T13:12:56.914-04:00  INFO 91303 --- [restartedMain] org.hibernate.Version                    : HHH000412: Hibernate ORM core version 6.5.2.Final
2024-09-26T13:12:56.941-04:00  INFO 91303 --- [restartedMain] o.h.c.internal.RegionFactoryInitiator    : HHH000026: Second-level cache disabled
2024-09-26T13:12:57.181-04:00  INFO 91303 --- [restartedMain] o.s.o.j.p.SpringPersistenceUnitInfo      : No LoadTimeWeaver setup: ignoring JPA class transformer
2024-09-26T13:12:57.204-04:00  INFO 91303 --- [restartedMain] com.zaxxer.hikari.HikariDataSource       : HikariPool-1 - Starting...
2024-09-26T13:12:57.576-04:00  INFO 91303 --- [restartedMain] com.zaxxer.hikari.pool.HikariPool        : HikariPool-1 - Added connection com.mysql.cj.jdbc.ConnectionImpl@5ae14a1b
2024-09-26T13:12:57.582-04:00  INFO 91303 --- [restartedMain] com.zaxxer.hikari.HikariDataSource       : HikariPool-1 - Start completed.
2024-09-26T13:12:59.383-04:00  INFO 91303 --- [restartedMain] o.h.e.t.j.p.i.JtaPlatformInitiator       : HHH000489: No JTA platform available (set 'hibernate.transaction.jta.platform' to enable JTA platform integration)
2024-09-26T13:12:59.464-04:00  INFO 91303 --- [restartedMain] j.LocalContainerEntityManagerFactoryBean : Initialized JPA EntityManagerFactory for persistence unit 'default'
2024-09-26T13:13:00.388-04:00  WARN 91303 --- [restartedMain] JpaBaseConfiguration$JpaWebConfiguration : spring.jpa.open-in-view is enabled by default. Therefore, database queries may be performed during view rendering. Explicitly configure spring.jpa.open-in-view to disable this warning
2024-09-26T13:13:00.436-04:00  INFO 91303 --- [restartedMain] eAuthenticationProviderManagerConfigurer : Global AuthenticationManager configured with AuthenticationProvider bean with name authenticationProvider
2024-09-26T13:13:00.441-04:00  WARN 91303 --- [restartedMain] r$InitializeUserDetailsManagerConfigurer : Global AuthenticationManager configured with an AuthenticationProvider bean. UserDetailsService beans will not be used for username/password login. Consider removing the AuthenticationProvider bean. Alternatively, consider using the UserDetailsService in a manually instantiated DaoAuthenticationProvider.
2024-09-26T13:13:01.105-04:00  INFO 91303 --- [restartedMain] o.s.b.d.a.OptionalLiveReloadServer       : LiveReload server is running on port 35729
2024-09-26T13:13:01.155-04:00  INFO 91303 --- [restartedMain] o.s.b.w.embedded.tomcat.TomcatWebServer  : Tomcat started on port 8080 (http) with context path '/'
2024-09-26T13:13:01.173-04:00  INFO 91303 --- [restartedMain] c.w.app.GeniuneCoderSecurityApplication  : Started GeniuneCoderSecurityApplication in 8.525 seconds (process running for 9.326)
2024-09-26T13:13:08.082-04:00  INFO 91303 --- [http-nio-8080-exec-1] o.a.c.c.C.[Tomcat].[localhost].[/]       : Initializing Spring DispatcherServlet 'dispatcherServlet'
2024-09-26T13:13:08.083-04:00  INFO 91303 --- [http-nio-8080-exec-1] o.s.web.servlet.DispatcherServlet        : Initializing Servlet 'dispatcherServlet'
2024-09-26T13:13:08.094-04:00  INFO 91303 --- [http-nio-8080-exec-1] o.s.web.servlet.DispatcherServlet        : Completed initialization in 10 ms
2024-09-26T13:14:11.182-04:00  INFO 91871 --- [restartedMain] c.w.app.GeniuneCoderSecurityApplication  : Starting GeniuneCoderSecurityApplication using Java 17.0.12 with PID 91871 (/Users/nicoleanderson/Desktop/STS_WORKSPACE_DARK/GeniuneCoder/GeniuneCoderSecurity-main 2/target/classes started by nicoleanderson in /Users/nicoleanderson/Desktop/STS_WORKSPACE_DARK/GeniuneCoder)
2024-09-26T13:14:11.193-04:00  INFO 91871 --- [restartedMain] c.w.app.GeniuneCoderSecurityApplication  : No active profile set, falling back to 1 default profile: "default"
2024-09-26T13:14:11.300-04:00  INFO 91871 --- [restartedMain] .e.DevToolsPropertyDefaultsPostProcessor : Devtools property defaults active! Set 'spring.devtools.add-properties' to 'false' to disable
2024-09-26T13:14:11.300-04:00  INFO 91871 --- [restartedMain] .e.DevToolsPropertyDefaultsPostProcessor : For additional web related logging consider setting the 'logging.level.web' property to 'DEBUG'
2024-09-26T13:14:12.600-04:00  INFO 91871 --- [restartedMain] .s.d.r.c.RepositoryConfigurationDelegate : Bootstrapping Spring Data JPA repositories in DEFAULT mode.
2024-09-26T13:14:12.687-04:00  INFO 91871 --- [restartedMain] .s.d.r.c.RepositoryConfigurationDelegate : Finished Spring Data repository scanning in 80 ms. Found 1 JPA repository interface.
2024-09-26T13:14:13.813-04:00  INFO 91871 --- [restartedMain] o.s.b.w.embedded.tomcat.TomcatWebServer  : Tomcat initialized with port 8080 (http)
2024-09-26T13:14:13.826-04:00  INFO 91871 --- [restartedMain] o.apache.catalina.core.StandardService   : Starting service [Tomcat]
2024-09-26T13:14:13.826-04:00  INFO 91871 --- [restartedMain] o.apache.catalina.core.StandardEngine    : Starting Servlet engine: [Apache Tomcat/10.1.25]
2024-09-26T13:14:13.908-04:00  INFO 91871 --- [restartedMain] o.a.c.c.C.[Tomcat].[localhost].[/]       : Initializing Spring embedded WebApplicationContext
2024-09-26T13:14:13.909-04:00  INFO 91871 --- [restartedMain] w.s.c.ServletWebServerApplicationContext : Root WebApplicationContext: initialization completed in 2607 ms
2024-09-26T13:14:14.142-04:00  INFO 91871 --- [restartedMain] o.hibernate.jpa.internal.util.LogHelper  : HHH000204: Processing PersistenceUnitInfo [name: default]
2024-09-26T13:14:14.236-04:00  INFO 91871 --- [restartedMain] org.hibernate.Version                    : HHH000412: Hibernate ORM core version 6.5.2.Final
2024-09-26T13:14:14.274-04:00  INFO 91871 --- [restartedMain] o.h.c.internal.RegionFactoryInitiator    : HHH000026: Second-level cache disabled
2024-09-26T13:14:14.527-04:00  INFO 91871 --- [restartedMain] o.s.o.j.p.SpringPersistenceUnitInfo      : No LoadTimeWeaver setup: ignoring JPA class transformer
2024-09-26T13:14:14.554-04:00  INFO 91871 --- [restartedMain] com.zaxxer.hikari.HikariDataSource       : HikariPool-1 - Starting...
2024-09-26T13:14:15.120-04:00  INFO 91871 --- [restartedMain] com.zaxxer.hikari.pool.HikariPool        : HikariPool-1 - Added connection com.mysql.cj.jdbc.ConnectionImpl@3cb4738f
2024-09-26T13:14:15.126-04:00  INFO 91871 --- [restartedMain] com.zaxxer.hikari.HikariDataSource       : HikariPool-1 - Start completed.
2024-09-26T13:14:16.062-04:00  INFO 91871 --- [restartedMain] o.h.e.t.j.p.i.JtaPlatformInitiator       : HHH000489: No JTA platform available (set 'hibernate.transaction.jta.platform' to enable JTA platform integration)
2024-09-26T13:14:16.125-04:00  INFO 91871 --- [restartedMain] j.LocalContainerEntityManagerFactoryBean : Initialized JPA EntityManagerFactory for persistence unit 'default'
2024-09-26T13:14:16.706-04:00  WARN 91871 --- [restartedMain] JpaBaseConfiguration$JpaWebConfiguration : spring.jpa.open-in-view is enabled by default. Therefore, database queries may be performed during view rendering. Explicitly configure spring.jpa.open-in-view to disable this warning
2024-09-26T13:14:16.761-04:00  INFO 91871 --- [restartedMain] eAuthenticationProviderManagerConfigurer : Global AuthenticationManager configured with AuthenticationProvider bean with name authenticationProvider
2024-09-26T13:14:16.763-04:00  WARN 91871 --- [restartedMain] r$InitializeUserDetailsManagerConfigurer : Global AuthenticationManager configured with an AuthenticationProvider bean. UserDetailsService beans will not be used for username/password login. Consider removing the AuthenticationProvider bean. Alternatively, consider using the UserDetailsService in a manually instantiated DaoAuthenticationProvider.
2024-09-26T13:14:17.716-04:00  INFO 91871 --- [restartedMain] o.s.b.d.a.OptionalLiveReloadServer       : LiveReload server is running on port 35729
2024-09-26T13:14:17.766-04:00  INFO 91871 --- [restartedMain] o.s.b.w.embedded.tomcat.TomcatWebServer  : Tomcat started on port 8080 (http) with context path '/'
2024-09-26T13:14:17.784-04:00  INFO 91871 --- [restartedMain] c.w.app.GeniuneCoderSecurityApplication  : Started GeniuneCoderSecurityApplication in 7.323 seconds (process running for 8.254)
2024-09-26T13:14:19.289-04:00  INFO 91871 --- [http-nio-8080-exec-1] o.a.c.c.C.[Tomcat].[localhost].[/]       : Initializing Spring DispatcherServlet 'dispatcherServlet'
2024-09-26T13:14:19.290-04:00  INFO 91871 --- [http-nio-8080-exec-1] o.s.web.servlet.DispatcherServlet        : Initializing Servlet 'dispatcherServlet'
2024-09-26T13:14:19.295-04:00  INFO 91871 --- [http-nio-8080-exec-1] o.s.web.servlet.DispatcherServlet        : Completed initialization in 5 ms
2024-09-26T13:16:58.907-04:00  INFO 93115 --- [restartedMain] c.w.app.GeniuneCoderSecurityApplication  : Starting GeniuneCoderSecurityApplication using Java 17.0.12 with PID 93115 (/Users/nicoleanderson/Desktop/STS_WORKSPACE_DARK/GeniuneCoder/GeniuneCoderSecurity-main 2/target/classes started by nicoleanderson in /Users/nicoleanderson/Desktop/STS_WORKSPACE_DARK/GeniuneCoder)
2024-09-26T13:16:58.935-04:00  INFO 93115 --- [restartedMain] c.w.app.GeniuneCoderSecurityApplication  : No active profile set, falling back to 1 default profile: "default"
2024-09-26T13:16:59.099-04:00  INFO 93115 --- [restartedMain] .e.DevToolsPropertyDefaultsPostProcessor : Devtools property defaults active! Set 'spring.devtools.add-properties' to 'false' to disable
2024-09-26T13:16:59.100-04:00  INFO 93115 --- [restartedMain] .e.DevToolsPropertyDefaultsPostProcessor : For additional web related logging consider setting the 'logging.level.web' property to 'DEBUG'
2024-09-26T13:17:00.464-04:00  INFO 93115 --- [restartedMain] .s.d.r.c.RepositoryConfigurationDelegate : Bootstrapping Spring Data JPA repositories in DEFAULT mode.
2024-09-26T13:17:00.572-04:00  INFO 93115 --- [restartedMain] .s.d.r.c.RepositoryConfigurationDelegate : Finished Spring Data repository scanning in 101 ms. Found 1 JPA repository interface.
2024-09-26T13:17:01.683-04:00  INFO 93115 --- [restartedMain] o.s.b.w.embedded.tomcat.TomcatWebServer  : Tomcat initialized with port 8080 (http)
2024-09-26T13:17:01.697-04:00  INFO 93115 --- [restartedMain] o.apache.catalina.core.StandardService   : Starting service [Tomcat]
2024-09-26T13:17:01.697-04:00  INFO 93115 --- [restartedMain] o.apache.catalina.core.StandardEngine    : Starting Servlet engine: [Apache Tomcat/10.1.25]
2024-09-26T13:17:01.771-04:00  INFO 93115 --- [restartedMain] o.a.c.c.C.[Tomcat].[localhost].[/]       : Initializing Spring embedded WebApplicationContext
2024-09-26T13:17:01.772-04:00  INFO 93115 --- [restartedMain] w.s.c.ServletWebServerApplicationContext : Root WebApplicationContext: initialization completed in 2671 ms
2024-09-26T13:17:02.098-04:00  INFO 93115 --- [restartedMain] o.hibernate.jpa.internal.util.LogHelper  : HHH000204: Processing PersistenceUnitInfo [name: default]
2024-09-26T13:17:02.141-04:00  INFO 93115 --- [restartedMain] org.hibernate.Version                    : HHH000412: Hibernate ORM core version 6.5.2.Final
2024-09-26T13:17:02.165-04:00  INFO 93115 --- [restartedMain] o.h.c.internal.RegionFactoryInitiator    : HHH000026: Second-level cache disabled
2024-09-26T13:17:02.391-04:00  INFO 93115 --- [restartedMain] o.s.o.j.p.SpringPersistenceUnitInfo      : No LoadTimeWeaver setup: ignoring JPA class transformer
2024-09-26T13:17:02.416-04:00  INFO 93115 --- [restartedMain] com.zaxxer.hikari.HikariDataSource       : HikariPool-1 - Starting...
2024-09-26T13:17:02.836-04:00  INFO 93115 --- [restartedMain] com.zaxxer.hikari.pool.HikariPool        : HikariPool-1 - Added connection com.mysql.cj.jdbc.ConnectionImpl@7968f4ba
2024-09-26T13:17:02.841-04:00  INFO 93115 --- [restartedMain] com.zaxxer.hikari.HikariDataSource       : HikariPool-1 - Start completed.
2024-09-26T13:17:04.005-04:00  INFO 93115 --- [restartedMain] o.h.e.t.j.p.i.JtaPlatformInitiator       : HHH000489: No JTA platform available (set 'hibernate.transaction.jta.platform' to enable JTA platform integration)
2024-09-26T13:17:04.140-04:00  INFO 93115 --- [restartedMain] j.LocalContainerEntityManagerFactoryBean : Initialized JPA EntityManagerFactory for persistence unit 'default'
2024-09-26T13:17:04.907-04:00  WARN 93115 --- [restartedMain] JpaBaseConfiguration$JpaWebConfiguration : spring.jpa.open-in-view is enabled by default. Therefore, database queries may be performed during view rendering. Explicitly configure spring.jpa.open-in-view to disable this warning
2024-09-26T13:17:04.968-04:00  INFO 93115 --- [restartedMain] eAuthenticationProviderManagerConfigurer : Global AuthenticationManager configured with AuthenticationProvider bean with name authenticationProvider
2024-09-26T13:17:04.969-04:00  WARN 93115 --- [restartedMain] r$InitializeUserDetailsManagerConfigurer : Global AuthenticationManager configured with an AuthenticationProvider bean. UserDetailsService beans will not be used for username/password login. Consider removing the AuthenticationProvider bean. Alternatively, consider using the UserDetailsService in a manually instantiated DaoAuthenticationProvider.
2024-09-26T13:17:05.706-04:00  INFO 93115 --- [restartedMain] o.s.b.d.a.OptionalLiveReloadServer       : LiveReload server is running on port 35729
2024-09-26T13:17:05.751-04:00  INFO 93115 --- [restartedMain] o.s.b.w.embedded.tomcat.TomcatWebServer  : Tomcat started on port 8080 (http) with context path '/'
2024-09-26T13:17:05.771-04:00  INFO 93115 --- [restartedMain] c.w.app.GeniuneCoderSecurityApplication  : Started GeniuneCoderSecurityApplication in 8.05 seconds (process running for 9.019)
2024-09-26T13:17:07.218-04:00  INFO 93115 --- [http-nio-8080-exec-1] o.a.c.c.C.[Tomcat].[localhost].[/]       : Initializing Spring DispatcherServlet 'dispatcherServlet'
2024-09-26T13:17:07.219-04:00  INFO 93115 --- [http-nio-8080-exec-1] o.s.web.servlet.DispatcherServlet        : Initializing Servlet 'dispatcherServlet'
2024-09-26T13:17:07.228-04:00  INFO 93115 --- [http-nio-8080-exec-1] o.s.web.servlet.DispatcherServlet        : Completed initialization in 8 ms
2024-09-26T13:17:39.302-04:00  INFO 93429 --- [restartedMain] c.w.app.GeniuneCoderSecurityApplication  : Starting GeniuneCoderSecurityApplication using Java 17.0.12 with PID 93429 (/Users/nicoleanderson/Desktop/STS_WORKSPACE_DARK/GeniuneCoder/GeniuneCoderSecurity-main 2/target/classes started by nicoleanderson in /Users/nicoleanderson/Desktop/STS_WORKSPACE_DARK/GeniuneCoder)
2024-09-26T13:17:39.328-04:00  INFO 93429 --- [restartedMain] c.w.app.GeniuneCoderSecurityApplication  : No active profile set, falling back to 1 default profile: "default"
2024-09-26T13:17:39.445-04:00  INFO 93429 --- [restartedMain] .e.DevToolsPropertyDefaultsPostProcessor : Devtools property defaults active! Set 'spring.devtools.add-properties' to 'false' to disable
2024-09-26T13:17:39.446-04:00  INFO 93429 --- [restartedMain] .e.DevToolsPropertyDefaultsPostProcessor : For additional web related logging consider setting the 'logging.level.web' property to 'DEBUG'
2024-09-26T13:17:40.822-04:00  INFO 93429 --- [restartedMain] .s.d.r.c.RepositoryConfigurationDelegate : Bootstrapping Spring Data JPA repositories in DEFAULT mode.
2024-09-26T13:17:40.921-04:00  INFO 93429 --- [restartedMain] .s.d.r.c.RepositoryConfigurationDelegate : Finished Spring Data repository scanning in 92 ms. Found 1 JPA repository interface.
2024-09-26T13:17:42.142-04:00  INFO 93429 --- [restartedMain] o.s.b.w.embedded.tomcat.TomcatWebServer  : Tomcat initialized with port 8080 (http)
2024-09-26T13:17:42.155-04:00  INFO 93429 --- [restartedMain] o.apache.catalina.core.StandardService   : Starting service [Tomcat]
2024-09-26T13:17:42.156-04:00  INFO 93429 --- [restartedMain] o.apache.catalina.core.StandardEngine    : Starting Servlet engine: [Apache Tomcat/10.1.25]
2024-09-26T13:17:42.230-04:00  INFO 93429 --- [restartedMain] o.a.c.c.C.[Tomcat].[localhost].[/]       : Initializing Spring embedded WebApplicationContext
2024-09-26T13:17:42.231-04:00  INFO 93429 --- [restartedMain] w.s.c.ServletWebServerApplicationContext : Root WebApplicationContext: initialization completed in 2784 ms
2024-09-26T13:17:42.526-04:00  INFO 93429 --- [restartedMain] o.hibernate.jpa.internal.util.LogHelper  : HHH000204: Processing PersistenceUnitInfo [name: default]
2024-09-26T13:17:42.567-04:00  INFO 93429 --- [restartedMain] org.hibernate.Version                    : HHH000412: Hibernate ORM core version 6.5.2.Final
2024-09-26T13:17:42.591-04:00  INFO 93429 --- [restartedMain] o.h.c.internal.RegionFactoryInitiator    : HHH000026: Second-level cache disabled
2024-09-26T13:17:42.850-04:00  INFO 93429 --- [restartedMain] o.s.o.j.p.SpringPersistenceUnitInfo      : No LoadTimeWeaver setup: ignoring JPA class transformer
2024-09-26T13:17:42.876-04:00  INFO 93429 --- [restartedMain] com.zaxxer.hikari.HikariDataSource       : HikariPool-1 - Starting...
2024-09-26T13:17:43.339-04:00  INFO 93429 --- [restartedMain] com.zaxxer.hikari.pool.HikariPool        : HikariPool-1 - Added connection com.mysql.cj.jdbc.ConnectionImpl@1a8b4da
2024-09-26T13:17:43.344-04:00  INFO 93429 --- [restartedMain] com.zaxxer.hikari.HikariDataSource       : HikariPool-1 - Start completed.
2024-09-26T13:17:44.255-04:00  INFO 93429 --- [restartedMain] o.h.e.t.j.p.i.JtaPlatformInitiator       : HHH000489: No JTA platform available (set 'hibernate.transaction.jta.platform' to enable JTA platform integration)
2024-09-26T13:17:44.319-04:00  INFO 93429 --- [restartedMain] j.LocalContainerEntityManagerFactoryBean : Initialized JPA EntityManagerFactory for persistence unit 'default'
2024-09-26T13:17:45.015-04:00  WARN 93429 --- [restartedMain] JpaBaseConfiguration$JpaWebConfiguration : spring.jpa.open-in-view is enabled by default. Therefore, database queries may be performed during view rendering. Explicitly configure spring.jpa.open-in-view to disable this warning
2024-09-26T13:17:45.061-04:00  INFO 93429 --- [restartedMain] eAuthenticationProviderManagerConfigurer : Global AuthenticationManager configured with AuthenticationProvider bean with name authenticationProvider
2024-09-26T13:17:45.061-04:00  WARN 93429 --- [restartedMain] r$InitializeUserDetailsManagerConfigurer : Global AuthenticationManager configured with an AuthenticationProvider bean. UserDetailsService beans will not be used for username/password login. Consider removing the AuthenticationProvider bean. Alternatively, consider using the UserDetailsService in a manually instantiated DaoAuthenticationProvider.
2024-09-26T13:17:45.690-04:00  INFO 93429 --- [restartedMain] o.s.b.d.a.OptionalLiveReloadServer       : LiveReload server is running on port 35729
2024-09-26T13:17:45.738-04:00  INFO 93429 --- [restartedMain] o.s.b.w.embedded.tomcat.TomcatWebServer  : Tomcat started on port 8080 (http) with context path '/'
2024-09-26T13:17:45.762-04:00  INFO 93429 --- [restartedMain] c.w.app.GeniuneCoderSecurityApplication  : Started GeniuneCoderSecurityApplication in 7.189 seconds (process running for 8.233)
2024-09-26T13:17:48.175-04:00  INFO 93429 --- [http-nio-8080-exec-1] o.a.c.c.C.[Tomcat].[localhost].[/]       : Initializing Spring DispatcherServlet 'dispatcherServlet'
2024-09-26T13:17:48.177-04:00  INFO 93429 --- [http-nio-8080-exec-1] o.s.web.servlet.DispatcherServlet        : Initializing Servlet 'dispatcherServlet'
2024-09-26T13:17:48.194-04:00  INFO 93429 --- [http-nio-8080-exec-1] o.s.web.servlet.DispatcherServlet        : Completed initialization in 17 ms
2024-09-26T13:22:58.505-04:00  INFO 94736 --- [restartedMain] c.w.app.GeniuneCoderSecurityApplication  : Starting GeniuneCoderSecurityApplication using Java 17.0.12 with PID 94736 (/Users/nicoleanderson/Desktop/STS_WORKSPACE_DARK/GeniuneCoder/GeniuneCoderSecurity-main 2/target/classes started by nicoleanderson in /Users/nicoleanderson/Desktop/STS_WORKSPACE_DARK/GeniuneCoder)
2024-09-26T13:22:58.568-04:00  INFO 94736 --- [restartedMain] c.w.app.GeniuneCoderSecurityApplication  : No active profile set, falling back to 1 default profile: "default"
2024-09-26T13:22:58.672-04:00  INFO 94736 --- [restartedMain] .e.DevToolsPropertyDefaultsPostProcessor : Devtools property defaults active! Set 'spring.devtools.add-properties' to 'false' to disable
2024-09-26T13:22:58.672-04:00  INFO 94736 --- [restartedMain] .e.DevToolsPropertyDefaultsPostProcessor : For additional web related logging consider setting the 'logging.level.web' property to 'DEBUG'
2024-09-26T13:22:59.924-04:00  INFO 94736 --- [restartedMain] .s.d.r.c.RepositoryConfigurationDelegate : Bootstrapping Spring Data JPA repositories in DEFAULT mode.
2024-09-26T13:23:00.090-04:00  INFO 94736 --- [restartedMain] .s.d.r.c.RepositoryConfigurationDelegate : Finished Spring Data repository scanning in 155 ms. Found 1 JPA repository interface.
2024-09-26T13:23:01.449-04:00  INFO 94736 --- [restartedMain] o.s.b.w.embedded.tomcat.TomcatWebServer  : Tomcat initialized with port 8080 (http)
2024-09-26T13:23:01.467-04:00  INFO 94736 --- [restartedMain] o.apache.catalina.core.StandardService   : Starting service [Tomcat]
2024-09-26T13:23:01.467-04:00  INFO 94736 --- [restartedMain] o.apache.catalina.core.StandardEngine    : Starting Servlet engine: [Apache Tomcat/10.1.25]
2024-09-26T13:23:01.555-04:00  INFO 94736 --- [restartedMain] o.a.c.c.C.[Tomcat].[localhost].[/]       : Initializing Spring embedded WebApplicationContext
2024-09-26T13:23:01.556-04:00  INFO 94736 --- [restartedMain] w.s.c.ServletWebServerApplicationContext : Root WebApplicationContext: initialization completed in 2882 ms
2024-09-26T13:23:01.973-04:00  INFO 94736 --- [restartedMain] o.hibernate.jpa.internal.util.LogHelper  : HHH000204: Processing PersistenceUnitInfo [name: default]
2024-09-26T13:23:02.102-04:00  INFO 94736 --- [restartedMain] org.hibernate.Version                    : HHH000412: Hibernate ORM core version 6.5.2.Final
2024-09-26T13:23:02.149-04:00  INFO 94736 --- [restartedMain] o.h.c.internal.RegionFactoryInitiator    : HHH000026: Second-level cache disabled
2024-09-26T13:23:02.539-04:00  INFO 94736 --- [restartedMain] o.s.o.j.p.SpringPersistenceUnitInfo      : No LoadTimeWeaver setup: ignoring JPA class transformer
2024-09-26T13:23:02.592-04:00  INFO 94736 --- [restartedMain] com.zaxxer.hikari.HikariDataSource       : HikariPool-1 - Starting...
2024-09-26T13:23:03.086-04:00  INFO 94736 --- [restartedMain] com.zaxxer.hikari.pool.HikariPool        : HikariPool-1 - Added connection com.mysql.cj.jdbc.ConnectionImpl@14d33c65
2024-09-26T13:23:03.092-04:00  INFO 94736 --- [restartedMain] com.zaxxer.hikari.HikariDataSource       : HikariPool-1 - Start completed.
2024-09-26T13:23:04.384-04:00  INFO 94736 --- [restartedMain] o.h.e.t.j.p.i.JtaPlatformInitiator       : HHH000489: No JTA platform available (set 'hibernate.transaction.jta.platform' to enable JTA platform integration)
2024-09-26T13:23:04.482-04:00  INFO 94736 --- [restartedMain] j.LocalContainerEntityManagerFactoryBean : Initialized JPA EntityManagerFactory for persistence unit 'default'
2024-09-26T13:23:05.559-04:00  WARN 94736 --- [restartedMain] JpaBaseConfiguration$JpaWebConfiguration : spring.jpa.open-in-view is enabled by default. Therefore, database queries may be performed during view rendering. Explicitly configure spring.jpa.open-in-view to disable this warning
2024-09-26T13:23:05.618-04:00  INFO 94736 --- [restartedMain] eAuthenticationProviderManagerConfigurer : Global AuthenticationManager configured with AuthenticationProvider bean with name authenticationProvider
2024-09-26T13:23:05.621-04:00  WARN 94736 --- [restartedMain] r$InitializeUserDetailsManagerConfigurer : Global AuthenticationManager configured with an AuthenticationProvider bean. UserDetailsService beans will not be used for username/password login. Consider removing the AuthenticationProvider bean. Alternatively, consider using the UserDetailsService in a manually instantiated DaoAuthenticationProvider.
2024-09-26T13:23:06.518-04:00  INFO 94736 --- [restartedMain] o.s.b.d.a.OptionalLiveReloadServer       : LiveReload server is running on port 35729
2024-09-26T13:23:06.579-04:00  INFO 94736 --- [restartedMain] o.s.b.w.embedded.tomcat.TomcatWebServer  : Tomcat started on port 8080 (http) with context path '/'
2024-09-26T13:23:06.604-04:00  INFO 94736 --- [restartedMain] c.w.app.GeniuneCoderSecurityApplication  : Started GeniuneCoderSecurityApplication in 8.859 seconds (process running for 9.776)
2024-09-26T13:23:09.960-04:00  INFO 94736 --- [http-nio-8080-exec-1] o.a.c.c.C.[Tomcat].[localhost].[/]       : Initializing Spring DispatcherServlet 'dispatcherServlet'
2024-09-26T13:23:09.961-04:00  INFO 94736 --- [http-nio-8080-exec-1] o.s.web.servlet.DispatcherServlet        : Initializing Servlet 'dispatcherServlet'
2024-09-26T13:23:09.987-04:00  INFO 94736 --- [http-nio-8080-exec-1] o.s.web.servlet.DispatcherServlet        : Completed initialization in 24 ms
2024-09-26T13:24:22.111-04:00  INFO 95369 --- [restartedMain] c.w.app.GeniuneCoderSecurityApplication  : Starting GeniuneCoderSecurityApplication using Java 17.0.12 with PID 95369 (/Users/nicoleanderson/Desktop/STS_WORKSPACE_DARK/GeniuneCoder/GeniuneCoderSecurity-main 2/target/classes started by nicoleanderson in /Users/nicoleanderson/Desktop/STS_WORKSPACE_DARK/GeniuneCoder)
2024-09-26T13:24:22.155-04:00  INFO 95369 --- [restartedMain] c.w.app.GeniuneCoderSecurityApplication  : No active profile set, falling back to 1 default profile: "default"
2024-09-26T13:24:22.281-04:00  INFO 95369 --- [restartedMain] .e.DevToolsPropertyDefaultsPostProcessor : Devtools property defaults active! Set 'spring.devtools.add-properties' to 'false' to disable
2024-09-26T13:24:22.282-04:00  INFO 95369 --- [restartedMain] .e.DevToolsPropertyDefaultsPostProcessor : For additional web related logging consider setting the 'logging.level.web' property to 'DEBUG'
2024-09-26T13:24:23.624-04:00  INFO 95369 --- [restartedMain] .s.d.r.c.RepositoryConfigurationDelegate : Bootstrapping Spring Data JPA repositories in DEFAULT mode.
2024-09-26T13:24:23.803-04:00  INFO 95369 --- [restartedMain] .s.d.r.c.RepositoryConfigurationDelegate : Finished Spring Data repository scanning in 171 ms. Found 1 JPA repository interface.
2024-09-26T13:24:24.963-04:00  INFO 95369 --- [restartedMain] o.s.b.w.embedded.tomcat.TomcatWebServer  : Tomcat initialized with port 8080 (http)
2024-09-26T13:24:24.982-04:00  INFO 95369 --- [restartedMain] o.apache.catalina.core.StandardService   : Starting service [Tomcat]
2024-09-26T13:24:24.982-04:00  INFO 95369 --- [restartedMain] o.apache.catalina.core.StandardEngine    : Starting Servlet engine: [Apache Tomcat/10.1.25]
2024-09-26T13:24:25.055-04:00  INFO 95369 --- [restartedMain] o.a.c.c.C.[Tomcat].[localhost].[/]       : Initializing Spring embedded WebApplicationContext
2024-09-26T13:24:25.055-04:00  INFO 95369 --- [restartedMain] w.s.c.ServletWebServerApplicationContext : Root WebApplicationContext: initialization completed in 2770 ms
2024-09-26T13:24:25.356-04:00  INFO 95369 --- [restartedMain] o.hibernate.jpa.internal.util.LogHelper  : HHH000204: Processing PersistenceUnitInfo [name: default]
2024-09-26T13:24:25.398-04:00  INFO 95369 --- [restartedMain] org.hibernate.Version                    : HHH000412: Hibernate ORM core version 6.5.2.Final
2024-09-26T13:24:25.421-04:00  INFO 95369 --- [restartedMain] o.h.c.internal.RegionFactoryInitiator    : HHH000026: Second-level cache disabled
2024-09-26T13:24:25.636-04:00  INFO 95369 --- [restartedMain] o.s.o.j.p.SpringPersistenceUnitInfo      : No LoadTimeWeaver setup: ignoring JPA class transformer
2024-09-26T13:24:25.658-04:00  INFO 95369 --- [restartedMain] com.zaxxer.hikari.HikariDataSource       : HikariPool-1 - Starting...
2024-09-26T13:24:26.152-04:00  INFO 95369 --- [restartedMain] com.zaxxer.hikari.pool.HikariPool        : HikariPool-1 - Added connection com.mysql.cj.jdbc.ConnectionImpl@5ae14a1b
2024-09-26T13:24:26.156-04:00  INFO 95369 --- [restartedMain] com.zaxxer.hikari.HikariDataSource       : HikariPool-1 - Start completed.
2024-09-26T13:24:27.152-04:00  INFO 95369 --- [restartedMain] o.h.e.t.j.p.i.JtaPlatformInitiator       : HHH000489: No JTA platform available (set 'hibernate.transaction.jta.platform' to enable JTA platform integration)
2024-09-26T13:24:27.219-04:00  INFO 95369 --- [restartedMain] j.LocalContainerEntityManagerFactoryBean : Initialized JPA EntityManagerFactory for persistence unit 'default'
2024-09-26T13:24:28.046-04:00  WARN 95369 --- [restartedMain] JpaBaseConfiguration$JpaWebConfiguration : spring.jpa.open-in-view is enabled by default. Therefore, database queries may be performed during view rendering. Explicitly configure spring.jpa.open-in-view to disable this warning
2024-09-26T13:24:28.098-04:00  INFO 95369 --- [restartedMain] eAuthenticationProviderManagerConfigurer : Global AuthenticationManager configured with AuthenticationProvider bean with name authenticationProvider
2024-09-26T13:24:28.100-04:00  WARN 95369 --- [restartedMain] r$InitializeUserDetailsManagerConfigurer : Global AuthenticationManager configured with an AuthenticationProvider bean. UserDetailsService beans will not be used for username/password login. Consider removing the AuthenticationProvider bean. Alternatively, consider using the UserDetailsService in a manually instantiated DaoAuthenticationProvider.
2024-09-26T13:24:28.843-04:00  INFO 95369 --- [restartedMain] o.s.b.d.a.OptionalLiveReloadServer       : LiveReload server is running on port 35729
2024-09-26T13:24:28.891-04:00  INFO 95369 --- [restartedMain] o.s.b.w.embedded.tomcat.TomcatWebServer  : Tomcat started on port 8080 (http) with context path '/'
2024-09-26T13:24:28.914-04:00  INFO 95369 --- [restartedMain] c.w.app.GeniuneCoderSecurityApplication  : Started GeniuneCoderSecurityApplication in 7.533 seconds (process running for 8.675)
2024-09-26T13:24:30.546-04:00  INFO 95369 --- [http-nio-8080-exec-1] o.a.c.c.C.[Tomcat].[localhost].[/]       : Initializing Spring DispatcherServlet 'dispatcherServlet'
2024-09-26T13:24:30.547-04:00  INFO 95369 --- [http-nio-8080-exec-1] o.s.web.servlet.DispatcherServlet        : Initializing Servlet 'dispatcherServlet'
2024-09-26T13:24:30.553-04:00  INFO 95369 --- [http-nio-8080-exec-1] o.s.web.servlet.DispatcherServlet        : Completed initialization in 6 ms
2024-09-26T13:25:24.220-04:00  INFO 95840 --- [restartedMain] c.w.app.GeniuneCoderSecurityApplication  : Starting GeniuneCoderSecurityApplication using Java 17.0.12 with PID 95840 (/Users/nicoleanderson/Desktop/STS_WORKSPACE_DARK/GeniuneCoder/GeniuneCoderSecurity-main 2/target/classes started by nicoleanderson in /Users/nicoleanderson/Desktop/STS_WORKSPACE_DARK/GeniuneCoder)
2024-09-26T13:25:24.226-04:00  INFO 95840 --- [restartedMain] c.w.app.GeniuneCoderSecurityApplication  : No active profile set, falling back to 1 default profile: "default"
2024-09-26T13:25:24.398-04:00  INFO 95840 --- [restartedMain] .e.DevToolsPropertyDefaultsPostProcessor : Devtools property defaults active! Set 'spring.devtools.add-properties' to 'false' to disable
2024-09-26T13:25:24.399-04:00  INFO 95840 --- [restartedMain] .e.DevToolsPropertyDefaultsPostProcessor : For additional web related logging consider setting the 'logging.level.web' property to 'DEBUG'
2024-09-26T13:25:25.694-04:00  INFO 95840 --- [restartedMain] .s.d.r.c.RepositoryConfigurationDelegate : Bootstrapping Spring Data JPA repositories in DEFAULT mode.
2024-09-26T13:25:25.776-04:00  INFO 95840 --- [restartedMain] .s.d.r.c.RepositoryConfigurationDelegate : Finished Spring Data repository scanning in 73 ms. Found 1 JPA repository interface.
2024-09-26T13:25:26.905-04:00  INFO 95840 --- [restartedMain] o.s.b.w.embedded.tomcat.TomcatWebServer  : Tomcat initialized with port 8080 (http)
2024-09-26T13:25:26.919-04:00  INFO 95840 --- [restartedMain] o.apache.catalina.core.StandardService   : Starting service [Tomcat]
2024-09-26T13:25:26.920-04:00  INFO 95840 --- [restartedMain] o.apache.catalina.core.StandardEngine    : Starting Servlet engine: [Apache Tomcat/10.1.25]
2024-09-26T13:25:27.000-04:00  INFO 95840 --- [restartedMain] o.a.c.c.C.[Tomcat].[localhost].[/]       : Initializing Spring embedded WebApplicationContext
2024-09-26T13:25:27.002-04:00  INFO 95840 --- [restartedMain] w.s.c.ServletWebServerApplicationContext : Root WebApplicationContext: initialization completed in 2601 ms
2024-09-26T13:25:27.337-04:00  INFO 95840 --- [restartedMain] o.hibernate.jpa.internal.util.LogHelper  : HHH000204: Processing PersistenceUnitInfo [name: default]
2024-09-26T13:25:27.422-04:00  INFO 95840 --- [restartedMain] org.hibernate.Version                    : HHH000412: Hibernate ORM core version 6.5.2.Final
2024-09-26T13:25:27.458-04:00  INFO 95840 --- [restartedMain] o.h.c.internal.RegionFactoryInitiator    : HHH000026: Second-level cache disabled
2024-09-26T13:25:27.699-04:00  INFO 95840 --- [restartedMain] o.s.o.j.p.SpringPersistenceUnitInfo      : No LoadTimeWeaver setup: ignoring JPA class transformer
2024-09-26T13:25:27.722-04:00  INFO 95840 --- [restartedMain] com.zaxxer.hikari.HikariDataSource       : HikariPool-1 - Starting...
2024-09-26T13:25:28.170-04:00  INFO 95840 --- [restartedMain] com.zaxxer.hikari.pool.HikariPool        : HikariPool-1 - Added connection com.mysql.cj.jdbc.ConnectionImpl@73518127
2024-09-26T13:25:28.175-04:00  INFO 95840 --- [restartedMain] com.zaxxer.hikari.HikariDataSource       : HikariPool-1 - Start completed.
2024-09-26T13:25:29.081-04:00  INFO 95840 --- [restartedMain] o.h.e.t.j.p.i.JtaPlatformInitiator       : HHH000489: No JTA platform available (set 'hibernate.transaction.jta.platform' to enable JTA platform integration)
2024-09-26T13:25:29.140-04:00  INFO 95840 --- [restartedMain] j.LocalContainerEntityManagerFactoryBean : Initialized JPA EntityManagerFactory for persistence unit 'default'
2024-09-26T13:25:29.921-04:00  WARN 95840 --- [restartedMain] JpaBaseConfiguration$JpaWebConfiguration : spring.jpa.open-in-view is enabled by default. Therefore, database queries may be performed during view rendering. Explicitly configure spring.jpa.open-in-view to disable this warning
2024-09-26T13:25:29.982-04:00  INFO 95840 --- [restartedMain] eAuthenticationProviderManagerConfigurer : Global AuthenticationManager configured with AuthenticationProvider bean with name authenticationProvider
2024-09-26T13:25:29.983-04:00  WARN 95840 --- [restartedMain] r$InitializeUserDetailsManagerConfigurer : Global AuthenticationManager configured with an AuthenticationProvider bean. UserDetailsService beans will not be used for username/password login. Consider removing the AuthenticationProvider bean. Alternatively, consider using the UserDetailsService in a manually instantiated DaoAuthenticationProvider.
2024-09-26T13:25:30.758-04:00  INFO 95840 --- [restartedMain] o.s.b.d.a.OptionalLiveReloadServer       : LiveReload server is running on port 35729
2024-09-26T13:25:30.810-04:00  INFO 95840 --- [restartedMain] o.s.b.w.embedded.tomcat.TomcatWebServer  : Tomcat started on port 8080 (http) with context path '/'
2024-09-26T13:25:30.835-04:00  INFO 95840 --- [restartedMain] c.w.app.GeniuneCoderSecurityApplication  : Started GeniuneCoderSecurityApplication in 7.288 seconds (process running for 8.248)
2024-09-26T13:25:33.992-04:00  INFO 95840 --- [http-nio-8080-exec-1] o.a.c.c.C.[Tomcat].[localhost].[/]       : Initializing Spring DispatcherServlet 'dispatcherServlet'
2024-09-26T13:25:33.994-04:00  INFO 95840 --- [http-nio-8080-exec-1] o.s.web.servlet.DispatcherServlet        : Initializing Servlet 'dispatcherServlet'
2024-09-26T13:25:34.010-04:00  INFO 95840 --- [http-nio-8080-exec-1] o.s.web.servlet.DispatcherServlet        : Completed initialization in 15 ms
2024-09-26T13:26:57.240-04:00  INFO 96525 --- [restartedMain] c.w.app.GeniuneCoderSecurityApplication  : Starting GeniuneCoderSecurityApplication using Java 17.0.12 with PID 96525 (/Users/nicoleanderson/Desktop/STS_WORKSPACE_DARK/GeniuneCoder/GeniuneCoderSecurity-main 2/target/classes started by nicoleanderson in /Users/nicoleanderson/Desktop/STS_WORKSPACE_DARK/GeniuneCoder)
2024-09-26T13:26:57.243-04:00  INFO 96525 --- [restartedMain] c.w.app.GeniuneCoderSecurityApplication  : No active profile set, falling back to 1 default profile: "default"
2024-09-26T13:26:57.398-04:00  INFO 96525 --- [restartedMain] .e.DevToolsPropertyDefaultsPostProcessor : Devtools property defaults active! Set 'spring.devtools.add-properties' to 'false' to disable
2024-09-26T13:26:57.399-04:00  INFO 96525 --- [restartedMain] .e.DevToolsPropertyDefaultsPostProcessor : For additional web related logging consider setting the 'logging.level.web' property to 'DEBUG'
2024-09-26T13:26:58.635-04:00  INFO 96525 --- [restartedMain] .s.d.r.c.RepositoryConfigurationDelegate : Bootstrapping Spring Data JPA repositories in DEFAULT mode.
2024-09-26T13:26:58.721-04:00  INFO 96525 --- [restartedMain] .s.d.r.c.RepositoryConfigurationDelegate : Finished Spring Data repository scanning in 79 ms. Found 1 JPA repository interface.
2024-09-26T13:26:59.822-04:00  INFO 96525 --- [restartedMain] o.s.b.w.embedded.tomcat.TomcatWebServer  : Tomcat initialized with port 8080 (http)
2024-09-26T13:26:59.836-04:00  INFO 96525 --- [restartedMain] o.apache.catalina.core.StandardService   : Starting service [Tomcat]
2024-09-26T13:26:59.836-04:00  INFO 96525 --- [restartedMain] o.apache.catalina.core.StandardEngine    : Starting Servlet engine: [Apache Tomcat/10.1.25]
2024-09-26T13:26:59.918-04:00  INFO 96525 --- [restartedMain] o.a.c.c.C.[Tomcat].[localhost].[/]       : Initializing Spring embedded WebApplicationContext
2024-09-26T13:26:59.919-04:00  INFO 96525 --- [restartedMain] w.s.c.ServletWebServerApplicationContext : Root WebApplicationContext: initialization completed in 2519 ms
2024-09-26T13:27:00.195-04:00  INFO 96525 --- [restartedMain] o.hibernate.jpa.internal.util.LogHelper  : HHH000204: Processing PersistenceUnitInfo [name: default]
2024-09-26T13:27:00.240-04:00  INFO 96525 --- [restartedMain] org.hibernate.Version                    : HHH000412: Hibernate ORM core version 6.5.2.Final
2024-09-26T13:27:00.264-04:00  INFO 96525 --- [restartedMain] o.h.c.internal.RegionFactoryInitiator    : HHH000026: Second-level cache disabled
2024-09-26T13:27:00.533-04:00  INFO 96525 --- [restartedMain] o.s.o.j.p.SpringPersistenceUnitInfo      : No LoadTimeWeaver setup: ignoring JPA class transformer
2024-09-26T13:27:00.558-04:00  INFO 96525 --- [restartedMain] com.zaxxer.hikari.HikariDataSource       : HikariPool-1 - Starting...
2024-09-26T13:27:00.984-04:00  INFO 96525 --- [restartedMain] com.zaxxer.hikari.pool.HikariPool        : HikariPool-1 - Added connection com.mysql.cj.jdbc.ConnectionImpl@1454a723
2024-09-26T13:27:00.988-04:00  INFO 96525 --- [restartedMain] com.zaxxer.hikari.HikariDataSource       : HikariPool-1 - Start completed.
2024-09-26T13:27:02.244-04:00  INFO 96525 --- [restartedMain] o.h.e.t.j.p.i.JtaPlatformInitiator       : HHH000489: No JTA platform available (set 'hibernate.transaction.jta.platform' to enable JTA platform integration)
2024-09-26T13:27:02.317-04:00  INFO 96525 --- [restartedMain] j.LocalContainerEntityManagerFactoryBean : Initialized JPA EntityManagerFactory for persistence unit 'default'
2024-09-26T13:27:03.132-04:00  WARN 96525 --- [restartedMain] JpaBaseConfiguration$JpaWebConfiguration : spring.jpa.open-in-view is enabled by default. Therefore, database queries may be performed during view rendering. Explicitly configure spring.jpa.open-in-view to disable this warning
2024-09-26T13:27:03.288-04:00  INFO 96525 --- [restartedMain] eAuthenticationProviderManagerConfigurer : Global AuthenticationManager configured with AuthenticationProvider bean with name authenticationProvider
2024-09-26T13:27:03.289-04:00  WARN 96525 --- [restartedMain] r$InitializeUserDetailsManagerConfigurer : Global AuthenticationManager configured with an AuthenticationProvider bean. UserDetailsService beans will not be used for username/password login. Consider removing the AuthenticationProvider bean. Alternatively, consider using the UserDetailsService in a manually instantiated DaoAuthenticationProvider.
2024-09-26T13:27:04.010-04:00  INFO 96525 --- [restartedMain] o.s.b.d.a.OptionalLiveReloadServer       : LiveReload server is running on port 35729
2024-09-26T13:27:04.077-04:00  INFO 96525 --- [restartedMain] o.s.b.w.embedded.tomcat.TomcatWebServer  : Tomcat started on port 8080 (http) with context path '/'
2024-09-26T13:27:04.100-04:00  INFO 96525 --- [restartedMain] c.w.app.GeniuneCoderSecurityApplication  : Started GeniuneCoderSecurityApplication in 7.528 seconds (process running for 8.453)
2024-09-26T13:27:05.247-04:00  INFO 96525 --- [http-nio-8080-exec-1] o.a.c.c.C.[Tomcat].[localhost].[/]       : Initializing Spring DispatcherServlet 'dispatcherServlet'
2024-09-26T13:27:05.249-04:00  INFO 96525 --- [http-nio-8080-exec-1] o.s.web.servlet.DispatcherServlet        : Initializing Servlet 'dispatcherServlet'
2024-09-26T13:27:05.253-04:00  INFO 96525 --- [http-nio-8080-exec-1] o.s.web.servlet.DispatcherServlet        : Completed initialization in 4 ms
2024-09-26T13:27:27.935-04:00  WARN 96525 --- [http-nio-8080-exec-7] .w.s.m.s.DefaultHandlerExceptionResolver : Resolved [org.springframework.web.HttpMediaTypeNotSupportedException: Content-Type 'application/x-www-form-urlencoded;charset=UTF-8' is not supported]
2024-09-26T13:32:10.475-04:00  INFO 98802 --- [restartedMain] c.w.app.GeniuneCoderSecurityApplication  : Starting GeniuneCoderSecurityApplication using Java 17.0.12 with PID 98802 (/Users/nicoleanderson/Desktop/STS_WORKSPACE_DARK/GeniuneCoder/GeniuneCoderSecurity-main 2/target/classes started by nicoleanderson in /Users/nicoleanderson/Desktop/STS_WORKSPACE_DARK/GeniuneCoder)
2024-09-26T13:32:10.482-04:00  INFO 98802 --- [restartedMain] c.w.app.GeniuneCoderSecurityApplication  : No active profile set, falling back to 1 default profile: "default"
2024-09-26T13:32:10.597-04:00  INFO 98802 --- [restartedMain] .e.DevToolsPropertyDefaultsPostProcessor : Devtools property defaults active! Set 'spring.devtools.add-properties' to 'false' to disable
2024-09-26T13:32:10.597-04:00  INFO 98802 --- [restartedMain] .e.DevToolsPropertyDefaultsPostProcessor : For additional web related logging consider setting the 'logging.level.web' property to 'DEBUG'
2024-09-26T13:32:12.051-04:00  INFO 98802 --- [restartedMain] .s.d.r.c.RepositoryConfigurationDelegate : Bootstrapping Spring Data JPA repositories in DEFAULT mode.
2024-09-26T13:32:12.135-04:00  INFO 98802 --- [restartedMain] .s.d.r.c.RepositoryConfigurationDelegate : Finished Spring Data repository scanning in 77 ms. Found 1 JPA repository interface.
2024-09-26T13:32:13.298-04:00  INFO 98802 --- [restartedMain] o.s.b.w.embedded.tomcat.TomcatWebServer  : Tomcat initialized with port 8080 (http)
2024-09-26T13:32:13.311-04:00  INFO 98802 --- [restartedMain] o.apache.catalina.core.StandardService   : Starting service [Tomcat]
2024-09-26T13:32:13.312-04:00  INFO 98802 --- [restartedMain] o.apache.catalina.core.StandardEngine    : Starting Servlet engine: [Apache Tomcat/10.1.25]
2024-09-26T13:32:13.385-04:00  INFO 98802 --- [restartedMain] o.a.c.c.C.[Tomcat].[localhost].[/]       : Initializing Spring embedded WebApplicationContext
2024-09-26T13:32:13.386-04:00  INFO 98802 --- [restartedMain] w.s.c.ServletWebServerApplicationContext : Root WebApplicationContext: initialization completed in 2788 ms
2024-09-26T13:32:13.678-04:00  INFO 98802 --- [restartedMain] o.hibernate.jpa.internal.util.LogHelper  : HHH000204: Processing PersistenceUnitInfo [name: default]
2024-09-26T13:32:13.727-04:00  INFO 98802 --- [restartedMain] org.hibernate.Version                    : HHH000412: Hibernate ORM core version 6.5.2.Final
2024-09-26T13:32:13.754-04:00  INFO 98802 --- [restartedMain] o.h.c.internal.RegionFactoryInitiator    : HHH000026: Second-level cache disabled
2024-09-26T13:32:13.978-04:00  INFO 98802 --- [restartedMain] o.s.o.j.p.SpringPersistenceUnitInfo      : No LoadTimeWeaver setup: ignoring JPA class transformer
2024-09-26T13:32:14.008-04:00  INFO 98802 --- [restartedMain] com.zaxxer.hikari.HikariDataSource       : HikariPool-1 - Starting...
2024-09-26T13:32:14.413-04:00  INFO 98802 --- [restartedMain] com.zaxxer.hikari.pool.HikariPool        : HikariPool-1 - Added connection com.mysql.cj.jdbc.ConnectionImpl@4ff1d29c
2024-09-26T13:32:14.417-04:00  INFO 98802 --- [restartedMain] com.zaxxer.hikari.HikariDataSource       : HikariPool-1 - Start completed.
2024-09-26T13:32:15.349-04:00  INFO 98802 --- [restartedMain] o.h.e.t.j.p.i.JtaPlatformInitiator       : HHH000489: No JTA platform available (set 'hibernate.transaction.jta.platform' to enable JTA platform integration)
2024-09-26T13:32:15.414-04:00  INFO 98802 --- [restartedMain] j.LocalContainerEntityManagerFactoryBean : Initialized JPA EntityManagerFactory for persistence unit 'default'
2024-09-26T13:32:16.109-04:00  WARN 98802 --- [restartedMain] JpaBaseConfiguration$JpaWebConfiguration : spring.jpa.open-in-view is enabled by default. Therefore, database queries may be performed during view rendering. Explicitly configure spring.jpa.open-in-view to disable this warning
2024-09-26T13:32:16.154-04:00  INFO 98802 --- [restartedMain] eAuthenticationProviderManagerConfigurer : Global AuthenticationManager configured with AuthenticationProvider bean with name authenticationProvider
2024-09-26T13:32:16.155-04:00  WARN 98802 --- [restartedMain] r$InitializeUserDetailsManagerConfigurer : Global AuthenticationManager configured with an AuthenticationProvider bean. UserDetailsService beans will not be used for username/password login. Consider removing the AuthenticationProvider bean. Alternatively, consider using the UserDetailsService in a manually instantiated DaoAuthenticationProvider.
2024-09-26T13:32:16.867-04:00  INFO 98802 --- [restartedMain] o.s.b.d.a.OptionalLiveReloadServer       : LiveReload server is running on port 35729
2024-09-26T13:32:16.931-04:00  INFO 98802 --- [restartedMain] o.s.b.w.embedded.tomcat.TomcatWebServer  : Tomcat started on port 8080 (http) with context path '/'
2024-09-26T13:32:16.953-04:00  INFO 98802 --- [restartedMain] c.w.app.GeniuneCoderSecurityApplication  : Started GeniuneCoderSecurityApplication in 7.246 seconds (process running for 8.472)
2024-09-26T13:32:21.896-04:00  INFO 98802 --- [http-nio-8080-exec-1] o.a.c.c.C.[Tomcat].[localhost].[/]       : Initializing Spring DispatcherServlet 'dispatcherServlet'
2024-09-26T13:32:21.897-04:00  INFO 98802 --- [http-nio-8080-exec-1] o.s.web.servlet.DispatcherServlet        : Initializing Servlet 'dispatcherServlet'
2024-09-26T13:32:21.909-04:00  INFO 98802 --- [http-nio-8080-exec-1] o.s.web.servlet.DispatcherServlet        : Completed initialization in 10 ms
2024-09-26T13:32:33.310-04:00  INFO 98973 --- [restartedMain] c.w.app.GeniuneCoderSecurityApplication  : Starting GeniuneCoderSecurityApplication using Java 17.0.12 with PID 98973 (/Users/nicoleanderson/Desktop/STS_WORKSPACE_DARK/GeniuneCoder/GeniuneCoderSecurity-main 2/target/classes started by nicoleanderson in /Users/nicoleanderson/Desktop/STS_WORKSPACE_DARK/GeniuneCoder)
2024-09-26T13:32:33.313-04:00  INFO 98973 --- [restartedMain] c.w.app.GeniuneCoderSecurityApplication  : No active profile set, falling back to 1 default profile: "default"
2024-09-26T13:32:33.469-04:00  INFO 98973 --- [restartedMain] .e.DevToolsPropertyDefaultsPostProcessor : Devtools property defaults active! Set 'spring.devtools.add-properties' to 'false' to disable
2024-09-26T13:32:33.471-04:00  INFO 98973 --- [restartedMain] .e.DevToolsPropertyDefaultsPostProcessor : For additional web related logging consider setting the 'logging.level.web' property to 'DEBUG'
2024-09-26T13:32:34.688-04:00  INFO 98973 --- [restartedMain] .s.d.r.c.RepositoryConfigurationDelegate : Bootstrapping Spring Data JPA repositories in DEFAULT mode.
2024-09-26T13:32:34.771-04:00  INFO 98973 --- [restartedMain] .s.d.r.c.RepositoryConfigurationDelegate : Finished Spring Data repository scanning in 76 ms. Found 1 JPA repository interface.
2024-09-26T13:32:36.104-04:00  INFO 98973 --- [restartedMain] o.s.b.w.embedded.tomcat.TomcatWebServer  : Tomcat initialized with port 8080 (http)
2024-09-26T13:32:36.139-04:00  INFO 98973 --- [restartedMain] o.apache.catalina.core.StandardService   : Starting service [Tomcat]
2024-09-26T13:32:36.139-04:00  INFO 98973 --- [restartedMain] o.apache.catalina.core.StandardEngine    : Starting Servlet engine: [Apache Tomcat/10.1.25]
2024-09-26T13:32:36.221-04:00  INFO 98973 --- [restartedMain] o.a.c.c.C.[Tomcat].[localhost].[/]       : Initializing Spring embedded WebApplicationContext
2024-09-26T13:32:36.222-04:00  INFO 98973 --- [restartedMain] w.s.c.ServletWebServerApplicationContext : Root WebApplicationContext: initialization completed in 2749 ms
2024-09-26T13:32:36.607-04:00  INFO 98973 --- [restartedMain] o.hibernate.jpa.internal.util.LogHelper  : HHH000204: Processing PersistenceUnitInfo [name: default]
2024-09-26T13:32:36.760-04:00  INFO 98973 --- [restartedMain] org.hibernate.Version                    : HHH000412: Hibernate ORM core version 6.5.2.Final
2024-09-26T13:32:36.829-04:00  INFO 98973 --- [restartedMain] o.h.c.internal.RegionFactoryInitiator    : HHH000026: Second-level cache disabled
2024-09-26T13:32:37.166-04:00  INFO 98973 --- [restartedMain] o.s.o.j.p.SpringPersistenceUnitInfo      : No LoadTimeWeaver setup: ignoring JPA class transformer
2024-09-26T13:32:37.189-04:00  INFO 98973 --- [restartedMain] com.zaxxer.hikari.HikariDataSource       : HikariPool-1 - Starting...
2024-09-26T13:32:37.606-04:00  INFO 98973 --- [restartedMain] com.zaxxer.hikari.pool.HikariPool        : HikariPool-1 - Added connection com.mysql.cj.jdbc.ConnectionImpl@3268dd42
2024-09-26T13:32:37.610-04:00  INFO 98973 --- [restartedMain] com.zaxxer.hikari.HikariDataSource       : HikariPool-1 - Start completed.
2024-09-26T13:32:38.511-04:00  INFO 98973 --- [restartedMain] o.h.e.t.j.p.i.JtaPlatformInitiator       : HHH000489: No JTA platform available (set 'hibernate.transaction.jta.platform' to enable JTA platform integration)
2024-09-26T13:32:38.571-04:00  INFO 98973 --- [restartedMain] j.LocalContainerEntityManagerFactoryBean : Initialized JPA EntityManagerFactory for persistence unit 'default'
2024-09-26T13:32:39.332-04:00  WARN 98973 --- [restartedMain] JpaBaseConfiguration$JpaWebConfiguration : spring.jpa.open-in-view is enabled by default. Therefore, database queries may be performed during view rendering. Explicitly configure spring.jpa.open-in-view to disable this warning
2024-09-26T13:32:39.418-04:00  INFO 98973 --- [restartedMain] eAuthenticationProviderManagerConfigurer : Global AuthenticationManager configured with AuthenticationProvider bean with name authenticationProvider
2024-09-26T13:32:39.418-04:00  WARN 98973 --- [restartedMain] r$InitializeUserDetailsManagerConfigurer : Global AuthenticationManager configured with an AuthenticationProvider bean. UserDetailsService beans will not be used for username/password login. Consider removing the AuthenticationProvider bean. Alternatively, consider using the UserDetailsService in a manually instantiated DaoAuthenticationProvider.
2024-09-26T13:32:40.254-04:00  INFO 98973 --- [restartedMain] o.s.b.d.a.OptionalLiveReloadServer       : LiveReload server is running on port 35729
2024-09-26T13:32:40.321-04:00  INFO 98973 --- [restartedMain] o.s.b.w.embedded.tomcat.TomcatWebServer  : Tomcat started on port 8080 (http) with context path '/'
2024-09-26T13:32:40.349-04:00  INFO 98973 --- [restartedMain] c.w.app.GeniuneCoderSecurityApplication  : Started GeniuneCoderSecurityApplication in 7.757 seconds (process running for 8.731)
2024-09-26T13:32:53.273-04:00  INFO 99134 --- [restartedMain] c.w.app.GeniuneCoderSecurityApplication  : Starting GeniuneCoderSecurityApplication using Java 17.0.12 with PID 99134 (/Users/nicoleanderson/Desktop/STS_WORKSPACE_DARK/GeniuneCoder/GeniuneCoderSecurity-main 2/target/classes started by nicoleanderson in /Users/nicoleanderson/Desktop/STS_WORKSPACE_DARK/GeniuneCoder)
2024-09-26T13:32:53.288-04:00  INFO 99134 --- [restartedMain] c.w.app.GeniuneCoderSecurityApplication  : No active profile set, falling back to 1 default profile: "default"
2024-09-26T13:32:53.404-04:00  INFO 99134 --- [restartedMain] .e.DevToolsPropertyDefaultsPostProcessor : Devtools property defaults active! Set 'spring.devtools.add-properties' to 'false' to disable
2024-09-26T13:32:53.405-04:00  INFO 99134 --- [restartedMain] .e.DevToolsPropertyDefaultsPostProcessor : For additional web related logging consider setting the 'logging.level.web' property to 'DEBUG'
2024-09-26T13:32:54.658-04:00  INFO 99134 --- [restartedMain] .s.d.r.c.RepositoryConfigurationDelegate : Bootstrapping Spring Data JPA repositories in DEFAULT mode.
2024-09-26T13:32:54.755-04:00  INFO 99134 --- [restartedMain] .s.d.r.c.RepositoryConfigurationDelegate : Finished Spring Data repository scanning in 91 ms. Found 1 JPA repository interface.
2024-09-26T13:32:55.905-04:00  INFO 99134 --- [restartedMain] o.s.b.w.embedded.tomcat.TomcatWebServer  : Tomcat initialized with port 8080 (http)
2024-09-26T13:32:55.918-04:00  INFO 99134 --- [restartedMain] o.apache.catalina.core.StandardService   : Starting service [Tomcat]
2024-09-26T13:32:55.918-04:00  INFO 99134 --- [restartedMain] o.apache.catalina.core.StandardEngine    : Starting Servlet engine: [Apache Tomcat/10.1.25]
2024-09-26T13:32:55.999-04:00  INFO 99134 --- [restartedMain] o.a.c.c.C.[Tomcat].[localhost].[/]       : Initializing Spring embedded WebApplicationContext
2024-09-26T13:32:56.000-04:00  INFO 99134 --- [restartedMain] w.s.c.ServletWebServerApplicationContext : Root WebApplicationContext: initialization completed in 2595 ms
2024-09-26T13:32:56.298-04:00  INFO 99134 --- [restartedMain] o.hibernate.jpa.internal.util.LogHelper  : HHH000204: Processing PersistenceUnitInfo [name: default]
2024-09-26T13:32:56.343-04:00  INFO 99134 --- [restartedMain] org.hibernate.Version                    : HHH000412: Hibernate ORM core version 6.5.2.Final
2024-09-26T13:32:56.366-04:00  INFO 99134 --- [restartedMain] o.h.c.internal.RegionFactoryInitiator    : HHH000026: Second-level cache disabled
2024-09-26T13:32:56.586-04:00  INFO 99134 --- [restartedMain] o.s.o.j.p.SpringPersistenceUnitInfo      : No LoadTimeWeaver setup: ignoring JPA class transformer
2024-09-26T13:32:56.605-04:00  INFO 99134 --- [restartedMain] com.zaxxer.hikari.HikariDataSource       : HikariPool-1 - Starting...
2024-09-26T13:32:56.970-04:00  INFO 99134 --- [restartedMain] com.zaxxer.hikari.pool.HikariPool        : HikariPool-1 - Added connection com.mysql.cj.jdbc.ConnectionImpl@7968f4ba
2024-09-26T13:32:56.974-04:00  INFO 99134 --- [restartedMain] com.zaxxer.hikari.HikariDataSource       : HikariPool-1 - Start completed.
2024-09-26T13:32:58.036-04:00  INFO 99134 --- [restartedMain] o.h.e.t.j.p.i.JtaPlatformInitiator       : HHH000489: No JTA platform available (set 'hibernate.transaction.jta.platform' to enable JTA platform integration)
2024-09-26T13:32:58.097-04:00  INFO 99134 --- [restartedMain] j.LocalContainerEntityManagerFactoryBean : Initialized JPA EntityManagerFactory for persistence unit 'default'
2024-09-26T13:32:58.834-04:00  WARN 99134 --- [restartedMain] JpaBaseConfiguration$JpaWebConfiguration : spring.jpa.open-in-view is enabled by default. Therefore, database queries may be performed during view rendering. Explicitly configure spring.jpa.open-in-view to disable this warning
2024-09-26T13:32:58.878-04:00  INFO 99134 --- [restartedMain] eAuthenticationProviderManagerConfigurer : Global AuthenticationManager configured with AuthenticationProvider bean with name authenticationProvider
2024-09-26T13:32:58.879-04:00  WARN 99134 --- [restartedMain] r$InitializeUserDetailsManagerConfigurer : Global AuthenticationManager configured with an AuthenticationProvider bean. UserDetailsService beans will not be used for username/password login. Consider removing the AuthenticationProvider bean. Alternatively, consider using the UserDetailsService in a manually instantiated DaoAuthenticationProvider.
2024-09-26T13:32:59.494-04:00  INFO 99134 --- [restartedMain] o.s.b.d.a.OptionalLiveReloadServer       : LiveReload server is running on port 35729
2024-09-26T13:32:59.539-04:00  INFO 99134 --- [restartedMain] o.s.b.w.embedded.tomcat.TomcatWebServer  : Tomcat started on port 8080 (http) with context path '/'
2024-09-26T13:32:59.563-04:00  INFO 99134 --- [restartedMain] c.w.app.GeniuneCoderSecurityApplication  : Started GeniuneCoderSecurityApplication in 7.001 seconds (process running for 7.799)
2024-09-26T13:33:01.465-04:00  INFO 99134 --- [http-nio-8080-exec-1] o.a.c.c.C.[Tomcat].[localhost].[/]       : Initializing Spring DispatcherServlet 'dispatcherServlet'
2024-09-26T13:33:01.467-04:00  INFO 99134 --- [http-nio-8080-exec-1] o.s.web.servlet.DispatcherServlet        : Initializing Servlet 'dispatcherServlet'
2024-09-26T13:33:01.504-04:00  INFO 99134 --- [http-nio-8080-exec-1] o.s.web.servlet.DispatcherServlet        : Completed initialization in 37 ms
2024-09-26T13:34:05.947-04:00  INFO 99662 --- [restartedMain] c.w.app.GeniuneCoderSecurityApplication  : Starting GeniuneCoderSecurityApplication using Java 17.0.12 with PID 99662 (/Users/nicoleanderson/Desktop/STS_WORKSPACE_DARK/GeniuneCoder/GeniuneCoderSecurity-main 2/target/classes started by nicoleanderson in /Users/nicoleanderson/Desktop/STS_WORKSPACE_DARK/GeniuneCoder)
2024-09-26T13:34:06.011-04:00  INFO 99662 --- [restartedMain] c.w.app.GeniuneCoderSecurityApplication  : No active profile set, falling back to 1 default profile: "default"
2024-09-26T13:34:06.112-04:00  INFO 99662 --- [restartedMain] .e.DevToolsPropertyDefaultsPostProcessor : Devtools property defaults active! Set 'spring.devtools.add-properties' to 'false' to disable
2024-09-26T13:34:06.112-04:00  INFO 99662 --- [restartedMain] .e.DevToolsPropertyDefaultsPostProcessor : For additional web related logging consider setting the 'logging.level.web' property to 'DEBUG'
2024-09-26T13:34:07.352-04:00  INFO 99662 --- [restartedMain] .s.d.r.c.RepositoryConfigurationDelegate : Bootstrapping Spring Data JPA repositories in DEFAULT mode.
2024-09-26T13:34:07.433-04:00  INFO 99662 --- [restartedMain] .s.d.r.c.RepositoryConfigurationDelegate : Finished Spring Data repository scanning in 74 ms. Found 1 JPA repository interface.
2024-09-26T13:34:08.552-04:00  INFO 99662 --- [restartedMain] o.s.b.w.embedded.tomcat.TomcatWebServer  : Tomcat initialized with port 8080 (http)
2024-09-26T13:34:08.565-04:00  INFO 99662 --- [restartedMain] o.apache.catalina.core.StandardService   : Starting service [Tomcat]
2024-09-26T13:34:08.565-04:00  INFO 99662 --- [restartedMain] o.apache.catalina.core.StandardEngine    : Starting Servlet engine: [Apache Tomcat/10.1.25]
2024-09-26T13:34:08.633-04:00  INFO 99662 --- [restartedMain] o.a.c.c.C.[Tomcat].[localhost].[/]       : Initializing Spring embedded WebApplicationContext
2024-09-26T13:34:08.634-04:00  INFO 99662 --- [restartedMain] w.s.c.ServletWebServerApplicationContext : Root WebApplicationContext: initialization completed in 2521 ms
2024-09-26T13:34:08.930-04:00  INFO 99662 --- [restartedMain] o.hibernate.jpa.internal.util.LogHelper  : HHH000204: Processing PersistenceUnitInfo [name: default]
2024-09-26T13:34:08.975-04:00  INFO 99662 --- [restartedMain] org.hibernate.Version                    : HHH000412: Hibernate ORM core version 6.5.2.Final
2024-09-26T13:34:08.999-04:00  INFO 99662 --- [restartedMain] o.h.c.internal.RegionFactoryInitiator    : HHH000026: Second-level cache disabled
2024-09-26T13:34:09.272-04:00  INFO 99662 --- [restartedMain] o.s.o.j.p.SpringPersistenceUnitInfo      : No LoadTimeWeaver setup: ignoring JPA class transformer
2024-09-26T13:34:09.334-04:00  INFO 99662 --- [restartedMain] com.zaxxer.hikari.HikariDataSource       : HikariPool-1 - Starting...
2024-09-26T13:34:09.755-04:00  INFO 99662 --- [restartedMain] com.zaxxer.hikari.pool.HikariPool        : HikariPool-1 - Added connection com.mysql.cj.jdbc.ConnectionImpl@1a8b4da
2024-09-26T13:34:09.760-04:00  INFO 99662 --- [restartedMain] com.zaxxer.hikari.HikariDataSource       : HikariPool-1 - Start completed.
2024-09-26T13:34:10.698-04:00  INFO 99662 --- [restartedMain] o.h.e.t.j.p.i.JtaPlatformInitiator       : HHH000489: No JTA platform available (set 'hibernate.transaction.jta.platform' to enable JTA platform integration)
2024-09-26T13:34:10.761-04:00  INFO 99662 --- [restartedMain] j.LocalContainerEntityManagerFactoryBean : Initialized JPA EntityManagerFactory for persistence unit 'default'
2024-09-26T13:34:11.377-04:00  WARN 99662 --- [restartedMain] JpaBaseConfiguration$JpaWebConfiguration : spring.jpa.open-in-view is enabled by default. Therefore, database queries may be performed during view rendering. Explicitly configure spring.jpa.open-in-view to disable this warning
2024-09-26T13:34:11.463-04:00  INFO 99662 --- [restartedMain] eAuthenticationProviderManagerConfigurer : Global AuthenticationManager configured with AuthenticationProvider bean with name authenticationProvider
2024-09-26T13:34:11.467-04:00  WARN 99662 --- [restartedMain] r$InitializeUserDetailsManagerConfigurer : Global AuthenticationManager configured with an AuthenticationProvider bean. UserDetailsService beans will not be used for username/password login. Consider removing the AuthenticationProvider bean. Alternatively, consider using the UserDetailsService in a manually instantiated DaoAuthenticationProvider.
2024-09-26T13:34:12.482-04:00  INFO 99662 --- [restartedMain] o.s.b.d.a.OptionalLiveReloadServer       : LiveReload server is running on port 35729
2024-09-26T13:34:12.547-04:00  INFO 99662 --- [restartedMain] o.s.b.w.embedded.tomcat.TomcatWebServer  : Tomcat started on port 8080 (http) with context path '/'
2024-09-26T13:34:12.574-04:00  INFO 99662 --- [restartedMain] c.w.app.GeniuneCoderSecurityApplication  : Started GeniuneCoderSecurityApplication in 7.32 seconds (process running for 8.267)
2024-09-26T13:34:15.331-04:00  INFO 99662 --- [http-nio-8080-exec-1] o.a.c.c.C.[Tomcat].[localhost].[/]       : Initializing Spring DispatcherServlet 'dispatcherServlet'
2024-09-26T13:34:15.332-04:00  INFO 99662 --- [http-nio-8080-exec-1] o.s.web.servlet.DispatcherServlet        : Initializing Servlet 'dispatcherServlet'
2024-09-26T13:34:15.337-04:00  INFO 99662 --- [http-nio-8080-exec-1] o.s.web.servlet.DispatcherServlet        : Completed initialization in 5 ms
2024-09-26T13:34:51.736-04:00  INFO 110 --- [restartedMain] c.w.app.GeniuneCoderSecurityApplication  : Starting GeniuneCoderSecurityApplication using Java 17.0.12 with PID 110 (/Users/nicoleanderson/Desktop/STS_WORKSPACE_DARK/GeniuneCoder/GeniuneCoderSecurity-main 2/target/classes started by nicoleanderson in /Users/nicoleanderson/Desktop/STS_WORKSPACE_DARK/GeniuneCoder)
2024-09-26T13:34:51.806-04:00  INFO 110 --- [restartedMain] c.w.app.GeniuneCoderSecurityApplication  : No active profile set, falling back to 1 default profile: "default"
2024-09-26T13:34:51.925-04:00  INFO 110 --- [restartedMain] .e.DevToolsPropertyDefaultsPostProcessor : Devtools property defaults active! Set 'spring.devtools.add-properties' to 'false' to disable
2024-09-26T13:34:51.926-04:00  INFO 110 --- [restartedMain] .e.DevToolsPropertyDefaultsPostProcessor : For additional web related logging consider setting the 'logging.level.web' property to 'DEBUG'
2024-09-26T13:34:53.166-04:00  INFO 110 --- [restartedMain] .s.d.r.c.RepositoryConfigurationDelegate : Bootstrapping Spring Data JPA repositories in DEFAULT mode.
2024-09-26T13:34:53.263-04:00  INFO 110 --- [restartedMain] .s.d.r.c.RepositoryConfigurationDelegate : Finished Spring Data repository scanning in 90 ms. Found 1 JPA repository interface.
2024-09-26T13:34:54.564-04:00  INFO 110 --- [restartedMain] o.s.b.w.embedded.tomcat.TomcatWebServer  : Tomcat initialized with port 8080 (http)
2024-09-26T13:34:54.583-04:00  INFO 110 --- [restartedMain] o.apache.catalina.core.StandardService   : Starting service [Tomcat]
2024-09-26T13:34:54.584-04:00  INFO 110 --- [restartedMain] o.apache.catalina.core.StandardEngine    : Starting Servlet engine: [Apache Tomcat/10.1.25]
2024-09-26T13:34:54.655-04:00  INFO 110 --- [restartedMain] o.a.c.c.C.[Tomcat].[localhost].[/]       : Initializing Spring embedded WebApplicationContext
2024-09-26T13:34:54.656-04:00  INFO 110 --- [restartedMain] w.s.c.ServletWebServerApplicationContext : Root WebApplicationContext: initialization completed in 2729 ms
2024-09-26T13:34:54.980-04:00  INFO 110 --- [restartedMain] o.hibernate.jpa.internal.util.LogHelper  : HHH000204: Processing PersistenceUnitInfo [name: default]
2024-09-26T13:34:55.035-04:00  INFO 110 --- [restartedMain] org.hibernate.Version                    : HHH000412: Hibernate ORM core version 6.5.2.Final
2024-09-26T13:34:55.061-04:00  INFO 110 --- [restartedMain] o.h.c.internal.RegionFactoryInitiator    : HHH000026: Second-level cache disabled
2024-09-26T13:34:55.322-04:00  INFO 110 --- [restartedMain] o.s.o.j.p.SpringPersistenceUnitInfo      : No LoadTimeWeaver setup: ignoring JPA class transformer
2024-09-26T13:34:55.358-04:00  INFO 110 --- [restartedMain] com.zaxxer.hikari.HikariDataSource       : HikariPool-1 - Starting...
2024-09-26T13:34:55.793-04:00  INFO 110 --- [restartedMain] com.zaxxer.hikari.pool.HikariPool        : HikariPool-1 - Added connection com.mysql.cj.jdbc.ConnectionImpl@40d0bea9
2024-09-26T13:34:55.798-04:00  INFO 110 --- [restartedMain] com.zaxxer.hikari.HikariDataSource       : HikariPool-1 - Start completed.
2024-09-26T13:34:56.848-04:00  INFO 110 --- [restartedMain] o.h.e.t.j.p.i.JtaPlatformInitiator       : HHH000489: No JTA platform available (set 'hibernate.transaction.jta.platform' to enable JTA platform integration)
2024-09-26T13:34:56.923-04:00  INFO 110 --- [restartedMain] j.LocalContainerEntityManagerFactoryBean : Initialized JPA EntityManagerFactory for persistence unit 'default'
2024-09-26T13:34:57.898-04:00  WARN 110 --- [restartedMain] JpaBaseConfiguration$JpaWebConfiguration : spring.jpa.open-in-view is enabled by default. Therefore, database queries may be performed during view rendering. Explicitly configure spring.jpa.open-in-view to disable this warning
2024-09-26T13:34:58.052-04:00  INFO 110 --- [restartedMain] eAuthenticationProviderManagerConfigurer : Global AuthenticationManager configured with AuthenticationProvider bean with name authenticationProvider
2024-09-26T13:34:58.053-04:00  WARN 110 --- [restartedMain] r$InitializeUserDetailsManagerConfigurer : Global AuthenticationManager configured with an AuthenticationProvider bean. UserDetailsService beans will not be used for username/password login. Consider removing the AuthenticationProvider bean. Alternatively, consider using the UserDetailsService in a manually instantiated DaoAuthenticationProvider.
2024-09-26T13:34:59.072-04:00  INFO 110 --- [restartedMain] o.s.b.d.a.OptionalLiveReloadServer       : LiveReload server is running on port 35729
2024-09-26T13:34:59.130-04:00  INFO 110 --- [restartedMain] o.s.b.w.embedded.tomcat.TomcatWebServer  : Tomcat started on port 8080 (http) with context path '/'
2024-09-26T13:34:59.154-04:00  INFO 110 --- [restartedMain] c.w.app.GeniuneCoderSecurityApplication  : Started GeniuneCoderSecurityApplication in 8.089 seconds (process running for 9.071)
2024-09-26T13:34:59.531-04:00  INFO 110 --- [http-nio-8080-exec-1] o.a.c.c.C.[Tomcat].[localhost].[/]       : Initializing Spring DispatcherServlet 'dispatcherServlet'
2024-09-26T13:34:59.532-04:00  INFO 110 --- [http-nio-8080-exec-1] o.s.web.servlet.DispatcherServlet        : Initializing Servlet 'dispatcherServlet'
2024-09-26T13:34:59.536-04:00  INFO 110 --- [http-nio-8080-exec-1] o.s.web.servlet.DispatcherServlet        : Completed initialization in 3 ms
2024-09-26T13:36:01.121-04:00  INFO 779 --- [restartedMain] c.w.app.GeniuneCoderSecurityApplication  : Starting GeniuneCoderSecurityApplication using Java 17.0.12 with PID 779 (/Users/nicoleanderson/Desktop/STS_WORKSPACE_DARK/GeniuneCoder/GeniuneCoderSecurity-main 2/target/classes started by nicoleanderson in /Users/nicoleanderson/Desktop/STS_WORKSPACE_DARK/GeniuneCoder)
2024-09-26T13:36:01.143-04:00  INFO 779 --- [restartedMain] c.w.app.GeniuneCoderSecurityApplication  : No active profile set, falling back to 1 default profile: "default"
2024-09-26T13:36:01.262-04:00  INFO 779 --- [restartedMain] .e.DevToolsPropertyDefaultsPostProcessor : Devtools property defaults active! Set 'spring.devtools.add-properties' to 'false' to disable
2024-09-26T13:36:01.263-04:00  INFO 779 --- [restartedMain] .e.DevToolsPropertyDefaultsPostProcessor : For additional web related logging consider setting the 'logging.level.web' property to 'DEBUG'
2024-09-26T13:36:02.487-04:00  INFO 779 --- [restartedMain] .s.d.r.c.RepositoryConfigurationDelegate : Bootstrapping Spring Data JPA repositories in DEFAULT mode.
2024-09-26T13:36:02.571-04:00  INFO 779 --- [restartedMain] .s.d.r.c.RepositoryConfigurationDelegate : Finished Spring Data repository scanning in 76 ms. Found 1 JPA repository interface.
2024-09-26T13:36:03.697-04:00  INFO 779 --- [restartedMain] o.s.b.w.embedded.tomcat.TomcatWebServer  : Tomcat initialized with port 8080 (http)
2024-09-26T13:36:03.709-04:00  INFO 779 --- [restartedMain] o.apache.catalina.core.StandardService   : Starting service [Tomcat]
2024-09-26T13:36:03.709-04:00  INFO 779 --- [restartedMain] o.apache.catalina.core.StandardEngine    : Starting Servlet engine: [Apache Tomcat/10.1.25]
2024-09-26T13:36:03.797-04:00  INFO 779 --- [restartedMain] o.a.c.c.C.[Tomcat].[localhost].[/]       : Initializing Spring embedded WebApplicationContext
2024-09-26T13:36:03.798-04:00  INFO 779 --- [restartedMain] w.s.c.ServletWebServerApplicationContext : Root WebApplicationContext: initialization completed in 2532 ms
2024-09-26T13:36:04.048-04:00  INFO 779 --- [restartedMain] o.hibernate.jpa.internal.util.LogHelper  : HHH000204: Processing PersistenceUnitInfo [name: default]
2024-09-26T13:36:04.093-04:00  INFO 779 --- [restartedMain] org.hibernate.Version                    : HHH000412: Hibernate ORM core version 6.5.2.Final
2024-09-26T13:36:04.115-04:00  INFO 779 --- [restartedMain] o.h.c.internal.RegionFactoryInitiator    : HHH000026: Second-level cache disabled
2024-09-26T13:36:04.410-04:00  INFO 779 --- [restartedMain] o.s.o.j.p.SpringPersistenceUnitInfo      : No LoadTimeWeaver setup: ignoring JPA class transformer
2024-09-26T13:36:04.456-04:00  INFO 779 --- [restartedMain] com.zaxxer.hikari.HikariDataSource       : HikariPool-1 - Starting...
2024-09-26T13:36:04.897-04:00  INFO 779 --- [restartedMain] com.zaxxer.hikari.pool.HikariPool        : HikariPool-1 - Added connection com.mysql.cj.jdbc.ConnectionImpl@35c60e02
2024-09-26T13:36:04.902-04:00  INFO 779 --- [restartedMain] com.zaxxer.hikari.HikariDataSource       : HikariPool-1 - Start completed.
2024-09-26T13:36:05.862-04:00  INFO 779 --- [restartedMain] o.h.e.t.j.p.i.JtaPlatformInitiator       : HHH000489: No JTA platform available (set 'hibernate.transaction.jta.platform' to enable JTA platform integration)
2024-09-26T13:36:05.927-04:00  INFO 779 --- [restartedMain] j.LocalContainerEntityManagerFactoryBean : Initialized JPA EntityManagerFactory for persistence unit 'default'
2024-09-26T13:36:06.781-04:00  WARN 779 --- [restartedMain] JpaBaseConfiguration$JpaWebConfiguration : spring.jpa.open-in-view is enabled by default. Therefore, database queries may be performed during view rendering. Explicitly configure spring.jpa.open-in-view to disable this warning
2024-09-26T13:36:06.829-04:00  INFO 779 --- [restartedMain] eAuthenticationProviderManagerConfigurer : Global AuthenticationManager configured with AuthenticationProvider bean with name authenticationProvider
2024-09-26T13:36:06.830-04:00  WARN 779 --- [restartedMain] r$InitializeUserDetailsManagerConfigurer : Global AuthenticationManager configured with an AuthenticationProvider bean. UserDetailsService beans will not be used for username/password login. Consider removing the AuthenticationProvider bean. Alternatively, consider using the UserDetailsService in a manually instantiated DaoAuthenticationProvider.
2024-09-26T13:36:07.619-04:00  INFO 779 --- [restartedMain] o.s.b.d.a.OptionalLiveReloadServer       : LiveReload server is running on port 35729
2024-09-26T13:36:07.675-04:00  INFO 779 --- [restartedMain] o.s.b.w.embedded.tomcat.TomcatWebServer  : Tomcat started on port 8080 (http) with context path '/'
2024-09-26T13:36:07.699-04:00  INFO 779 --- [restartedMain] c.w.app.GeniuneCoderSecurityApplication  : Started GeniuneCoderSecurityApplication in 7.355 seconds (process running for 8.365)
2024-09-26T13:36:11.373-04:00  INFO 779 --- [http-nio-8080-exec-1] o.a.c.c.C.[Tomcat].[localhost].[/]       : Initializing Spring DispatcherServlet 'dispatcherServlet'
2024-09-26T13:36:11.375-04:00  INFO 779 --- [http-nio-8080-exec-1] o.s.web.servlet.DispatcherServlet        : Initializing Servlet 'dispatcherServlet'
2024-09-26T13:36:11.384-04:00  INFO 779 --- [http-nio-8080-exec-1] o.s.web.servlet.DispatcherServlet        : Completed initialization in 7 ms
2024-09-26T13:36:28.127-04:00  WARN 779 --- [http-nio-8080-exec-10] .w.s.m.s.DefaultHandlerExceptionResolver : Resolved [org.springframework.web.HttpMediaTypeNotSupportedException: Content-Type 'application/x-www-form-urlencoded;charset=UTF-8' is not supported]
